{"level":"warn","message":"la ruta /favicon.ico esta siendo visitada por el metodo GET y no existe."}
{"level":"info","message":{"cookie":{"expires":null,"httpOnly":true,"originalMaxAge":null,"path":"/"},"passport":{"user":"63ce8ba0bb6193c870bac6f7"},"user":{"name":"jorge tola"}}}
{"level":"info","message":{"cantidad":1,"prod_id":"63950553c307d2479387b1e6"}}
{"level":"warn","message":"la ruta /favicon.ico esta siendo visitada por el metodo GET y no existe."}
{"level":"info","message":{"__v":0,"_id":"63ce8ba0bb6193c870bac6f7","email":"jorge@gmail.com","first_name":"jorge","image":"d3724dd8a0cc101e5faed272c1ad19c9.png","last_name":"tola","password":"$2b$10$uYBw8.g61pilnxM31LyE8eZjd1JuVEqd/CrhBqd/AIwekQTqc/mqW"}}
{"level":"info","message":{"cantidad":2,"prod_id":"63963cf765aad5cbadf8a468"}}
{"level":"info","message":{"__v":0,"_id":"63ce8d7afa6153350a913bf4","email":"edu@gmail.com","first_name":"Eduardo","image":"fotoDiscord.jpg","last_name":"Tolaba","password":"$2b$10$ba1.SbMJZYRuc62nUnsNGeypwX8YwS0Gr42apio2Xh5A2uOlu3XOm"}}
{"level":"info","message":{"cantidad":2,"prod_id":"63963cf765aad5cbadf8a468"}}
{"level":"warn","message":"la ruta /favicon.ico esta siendo visitada por el metodo GET y no existe."}
{"level":"warn","message":"la ruta /favicon.ico esta siendo visitada por el metodo GET y no existe."}
{"level":"warn","message":"la ruta /favicon.ico esta siendo visitada por el metodo GET y no existe."}
{"level":"warn","message":"la ruta /favicon.ico esta siendo visitada por el metodo GET y no existe."}
{"level":"info","message":{"__v":0,"_id":"63ce8fb5986c75e79f0febe7","email":"miguel@mail.com","first_name":"miguel","image":"juegos-minion.jpg","last_name":"tol","password":"$2b$10$ybAh4krHQd2Mp29zG0OhF.4V7v1o0O7FAIqmyFQMEIewKBWP6VqdW"}}
{"level":"warn","message":"la ruta /favicon.ico esta siendo visitada por el metodo GET y no existe."}
{"level":"warn","message":"la ruta /favicon.ico esta siendo visitada por el metodo GET y no existe."}
{"level":"warn","message":"la ruta /favicon.ico esta siendo visitada por el metodo GET y no existe."}
{"level":"warn","message":"la ruta /favicon.ico esta siendo visitada por el metodo GET y no existe."}
{"level":"warn","message":"la ruta /favicon.ico esta siendo visitada por el metodo GET y no existe."}
{"level":"warn","message":"la ruta /favicon.ico esta siendo visitada por el metodo GET y no existe."}
{"level":"info","message":{"__v":0,"_id":"63ce915fb88a05e3d5d83824","cart_ID":"","email":"miguel@mail.com","first_name":"miguel","image":"juegos-minion.jpg","last_name":"tola","password":"$2b$10$dNrQKfWr5Dlkmw0cbGJqzO4botZfGK7Jm5TIVM.k4zXM3eTbHGi8C"}}
{"level":"warn","message":"la ruta /favicon.ico esta siendo visitada por el metodo GET y no existe."}
{"level":"warn","message":"la ruta /favicon.ico esta siendo visitada por el metodo GET y no existe."}
{"level":"info","message":{"__v":0,"_id":"63ce915fb88a05e3d5d83824","cart_ID":"63ce9bb2a180cef2c4198e6f","email":"miguel@mail.com","first_name":"miguel","image":"juegos-minion.jpg","last_name":"tola","password":"$2b$10$dNrQKfWr5Dlkmw0cbGJqzO4botZfGK7Jm5TIVM.k4zXM3eTbHGi8C"}}
{"level":"warn","message":"la ruta /favicon.ico esta siendo visitada por el metodo GET y no existe."}
{"level":"warn","message":"la ruta /favicon.ico esta siendo visitada por el metodo GET y no existe."}
{"level":"warn","message":"la ruta /favicon.ico esta siendo visitada por el metodo GET y no existe."}
{"level":"warn","message":"la ruta /favicon.ico esta siendo visitada por el metodo GET y no existe."}
{"level":"warn","message":"la ruta /favicon.ico esta siendo visitada por el metodo GET y no existe."}
{"level":"warn","message":"la ruta /favicon.ico esta siendo visitada por el metodo GET y no existe."}
{"level":"warn","message":"la ruta /favicon.ico esta siendo visitada por el metodo GET y no existe."}
{"level":"warn","message":"la ruta /favicon.ico esta siendo visitada por el metodo GET y no existe."}
{"level":"warn","message":"la ruta /favicon.ico esta siendo visitada por el metodo GET y no existe."}
{"level":"warn","message":"la ruta /favicon.ico esta siendo visitada por el metodo GET y no existe."}
{"level":"warn","message":"la ruta /favicon.ico esta siendo visitada por el metodo GET y no existe."}
{"level":"warn","message":"la ruta /favicon.ico esta siendo visitada por el metodo GET y no existe."}
{"level":"warn","message":"la ruta /favicon.ico esta siendo visitada por el metodo GET y no existe."}
{"level":"warn","message":"la ruta /favicon.ico esta siendo visitada por el metodo GET y no existe."}
{"level":"warn","message":"la ruta /favicon.ico esta siendo visitada por el metodo GET y no existe."}
{"level":"warn","message":"la ruta /products esta siendo visitada por el metodo GET y no existe."}
{"level":"warn","message":"la ruta /product esta siendo visitada por el metodo GET y no existe."}
{"level":"warn","message":"la ruta /favicon.ico esta siendo visitada por el metodo GET y no existe."}
{"level":"warn","message":"la ruta /favicon.ico esta siendo visitada por el metodo GET y no existe."}
{"level":"warn","message":"la ruta /favicon.ico esta siendo visitada por el metodo GET y no existe."}
{"level":"info","message":{"__v":0,"_id":"63ced55b300e9b7b6deddccc","cart_ID":"","email":"panchito@html.com","first_name":"juan","image":"http://localhost:8080/image/1674499263624-d3724dd8a0cc101e5faed272c1ad19c9.png","last_name":"pancho","password":"$2b$10$ojXwp4PN01OwpFOs3BiL9uJWlcMNbul/6E30MsYoYNFxswb2Ai..m"}}
{"level":"info","message":{"cart_ID":"","email":"edu@gmail.com","first_name":"eduardo","image":"http://localhost:8080/image/1674500180338-IMG-20221117-WA0011.jpg","last_name":"tolaba"}}
{"level":"info","message":"63cedabe18a087e494da4f3a"}
{"level":"info","message":"63cedb7958ba83f3ad82c1e0"}
{"level":"info","message":{"acknowledged":true,"matchedCount":0,"modifiedCount":0,"upsertedCount":0,"upsertedId":null}}
{"level":"info","message":"63cedc0879f22ab02a487316"}
{"level":"info","message":{"acknowledged":true,"matchedCount":0,"modifiedCount":0,"upsertedCount":0,"upsertedId":null}}
{"level":"info","message":"63ced8abb8d0d663cfa7571f"}
{"level":"info","message":{"acknowledged":true,"matchedCount":1,"modifiedCount":1,"upsertedCount":0,"upsertedId":null}}
{"level":"info","message":"63ced8abb8d0d663cfa7571f"}
{"level":"info","message":{"acknowledged":true,"matchedCount":1,"modifiedCount":1,"upsertedCount":0,"upsertedId":null}}
{"level":"info","message":"63ced8abb8d0d663cfa7571f"}
{"level":"info","message":{"acknowledged":true,"matchedCount":1,"modifiedCount":1,"upsertedCount":0,"upsertedId":null}}
{"level":"info","message":"63ced8abb8d0d663cfa7571f"}
{"level":"info","message":{"acknowledged":true,"matchedCount":1,"modifiedCount":1,"upsertedCount":0,"upsertedId":null}}
{"level":"info","message":"63ced8abb8d0d663cfa7571f"}
{"level":"info","message":{"acknowledged":true,"matchedCount":1,"modifiedCount":1,"upsertedCount":0,"upsertedId":null}}
{"level":"info","message":"63ced8abb8d0d663cfa7571f"}
{"level":"info","message":{"acknowledged":true,"matchedCount":1,"modifiedCount":1,"upsertedCount":0,"upsertedId":null}}
{"level":"info","message":"63ced8abb8d0d663cfa7571f"}
{"level":"info","message":"63cedfff3517ad640b3d4ac8"}
{"level":"info","message":{"acknowledged":true,"matchedCount":1,"modifiedCount":1,"upsertedCount":0,"upsertedId":null}}
{"level":"info","message":"esta es la linea 6963cee27f83bf5364a795746c"}
{"level":"info","message":"esta es la linea 68[object Object]"}
{"level":"info","message":"esta es la linea 6963cee49dd78893e0723b61d9"}
{"level":"info","message":"esta es la linea 68[object Object]"}
{"level":"info","message":"esta es la linea 6963cee4e8d78893e0723b61e3"}
{"level":"info","message":"esta es la linea 68[object Object]"}
{"level":"info","message":"esta es la linea 6963cee4ebd78893e0723b61e9"}
{"level":"info","message":"esta es la linea 68[object Object]"}
{"level":"warn","message":"la ruta /favicon.ico esta siendo visitada por el metodo GET y no existe."}
{"level":"warn","message":"la ruta /favicon.ico esta siendo visitada por el metodo GET y no existe."}
{"level":"warn","message":"la ruta /favicon.ico esta siendo visitada por el metodo GET y no existe."}
{"level":"info"}
{"level":"info"}
{"level":"info"}
{"level":"warn","message":"la ruta /api/session/profile esta siendo visitada por el metodo GET y no existe."}
{"level":"info"}
{"level":"warn","message":"la ruta /favicon.ico esta siendo visitada por el metodo GET y no existe."}
{"level":"warn","message":"la ruta /undefined esta siendo visitada por el metodo GET y no existe."}
{"level":"warn","message":"la ruta /favicon.ico esta siendo visitada por el metodo GET y no existe."}{"level":"warn","message":"la ruta /favicon.ico esta siendo visitada por el metodo GET y no existe."}
{"level":"info","message":{"_id":"63cf394f07f81603e300b6fa","cart_ID":"63cf394f07f81603e300b6f8","email":"miguel@gmail.com","first_name":"miguel","image":"http://localhost:8080/image/1674524899426-fotoDiscord.jpg","last_name":"tolaba"}}
{"level":"warn","message":"la ruta /favicon.ico esta siendo visitada por el metodo GET y no existe."}
{"level":"warn","message":"la ruta /favicon.ico esta siendo visitada por el metodo GET y no existe."}
{"level":"warn","message":"la ruta /favicon.ico esta siendo visitada por el metodo GET y no existe."}
{"level":"warn","message":"la ruta /favicon.ico esta siendo visitada por el metodo GET y no existe."}
{"level":"warn","message":"la ruta /favicon.ico esta siendo visitada por el metodo GET y no existe."}
{"level":"warn","message":"la ruta /favicon.ico esta siendo visitada por el metodo GET y no existe."}
{"level":"warn","message":"la ruta /favicon.ico esta siendo visitada por el metodo GET y no existe."}
{"level":"warn","message":"la ruta /favicon.ico esta siendo visitada por el metodo GET y no existe."}
{"level":"warn","message":"la ruta /favicon.ico esta siendo visitada por el metodo GET y no existe."}
{"level":"warn","message":"la ruta /favicon.ico esta siendo visitada por el metodo GET y no existe."}
{"level":"warn","message":"la ruta /favicon.ico esta siendo visitada por el metodo GET y no existe."}
{"level":"warn","message":"la ruta /favicon.ico esta siendo visitada por el metodo GET y no existe."}
{"level":"warn","message":"la ruta /favicon.ico esta siendo visitada por el metodo GET y no existe."}
{"level":"warn","message":"la ruta /favicon.ico esta siendo visitada por el metodo GET y no existe."}
{"level":"warn","message":"la ruta /favicon.ico esta siendo visitada por el metodo GET y no existe."}
{"level":"warn","message":"la ruta /favicon.ico esta siendo visitada por el metodo GET y no existe."}
{"level":"warn","message":"la ruta /favicon.ico esta siendo visitada por el metodo GET y no existe."}
{"level":"warn","message":"la ruta /favicon.ico esta siendo visitada por el metodo GET y no existe."}
{"level":"warn","message":"la ruta /favicon.ico esta siendo visitada por el metodo GET y no existe."}
{"level":"warn","message":"la ruta /favicon.ico esta siendo visitada por el metodo GET y no existe."}
{"level":"warn","message":"la ruta /favicon.ico esta siendo visitada por el metodo GET y no existe."}
{"level":"warn","message":"la ruta /favicon.ico esta siendo visitada por el metodo GET y no existe."}
{"level":"warn","message":"la ruta /favicon.ico esta siendo visitada por el metodo GET y no existe."}
{"level":"warn","message":"la ruta /favicon.ico esta siendo visitada por el metodo GET y no existe."}
{"level":"warn","message":"la ruta /favicon.ico esta siendo visitada por el metodo GET y no existe."}
{"level":"warn","message":"la ruta /favicon.ico esta siendo visitada por el metodo GET y no existe."}
{"level":"warn","message":"la ruta /favicon.ico esta siendo visitada por el metodo GET y no existe."}
{"level":"warn","message":"la ruta /favicon.ico esta siendo visitada por el metodo GET y no existe."}
{"level":"warn","message":"la ruta /favicon.ico esta siendo visitada por el metodo GET y no existe."}
{"level":"warn","message":"la ruta /favicon.ico esta siendo visitada por el metodo GET y no existe."}
{"level":"warn","message":"la ruta /favicon.ico esta siendo visitada por el metodo GET y no existe."}
{"level":"warn","message":"la ruta /favicon.ico esta siendo visitada por el metodo GET y no existe."}
{"level":"warn","message":"la ruta /favicon.ico esta siendo visitada por el metodo GET y no existe."}
{"level":"warn","message":"la ruta /favicon.ico esta siendo visitada por el metodo GET y no existe."}
{"level":"warn","message":"la ruta /favicon.ico esta siendo visitada por el metodo GET y no existe."}
{"level":"warn","message":"la ruta /favicon.ico esta siendo visitada por el metodo GET y no existe."}
{"level":"warn","message":"la ruta /favicon.ico esta siendo visitada por el metodo GET y no existe."}
{"level":"warn","message":"la ruta /favicon.ico esta siendo visitada por el metodo GET y no existe."}
{"level":"warn","message":"la ruta /favicon.ico esta siendo visitada por el metodo GET y no existe."}
{"level":"warn","message":"la ruta /favicon.ico esta siendo visitada por el metodo GET y no existe."}
{"level":"warn","message":"la ruta /favicon.ico esta siendo visitada por el metodo GET y no existe."}
{"level":"warn","message":"la ruta /favicon.ico esta siendo visitada por el metodo GET y no existe."}
{"level":"warn","message":"la ruta /favicon.ico esta siendo visitada por el metodo GET y no existe."}
{"level":"warn","message":"la ruta /favicon.ico esta siendo visitada por el metodo GET y no existe."}
{"level":"warn","message":"la ruta /favicon.ico esta siendo visitada por el metodo GET y no existe."}
{"level":"warn","message":"la ruta /favicon.ico esta siendo visitada por el metodo GET y no existe."}
{"level":"warn","message":"la ruta /favicon.ico esta siendo visitada por el metodo GET y no existe."}
{"level":"warn","message":"la ruta /favicon.ico esta siendo visitada por el metodo GET y no existe."}
{"level":"warn","message":"la ruta /favicon.ico esta siendo visitada por el metodo GET y no existe."}
{"level":"warn","message":"la ruta /favicon.ico esta siendo visitada por el metodo GET y no existe."}
{"level":"warn","message":"la ruta /favicon.ico esta siendo visitada por el metodo GET y no existe."}
{"level":"warn","message":"la ruta /favicon.ico esta siendo visitada por el metodo GET y no existe."}
{"level":"warn","message":"la ruta /favicon.ico esta siendo visitada por el metodo GET y no existe."}
{"level":"warn","message":"la ruta /favicon.ico esta siendo visitada por el metodo GET y no existe."}
{"level":"warn","message":"la ruta /favicon.ico esta siendo visitada por el metodo GET y no existe."}
{"level":"warn","message":"la ruta /favicon.ico esta siendo visitada por el metodo GET y no existe."}
{"level":"warn","message":"la ruta /favicon.ico esta siendo visitada por el metodo GET y no existe."}
{"level":"warn","message":"la ruta /favicon.ico esta siendo visitada por el metodo GET y no existe."}
{"level":"warn","message":"la ruta /favicon.ico esta siendo visitada por el metodo GET y no existe."}
{"level":"warn","message":"la ruta /favicon.ico esta siendo visitada por el metodo GET y no existe."}
{"level":"warn","message":"la ruta /favicon.ico esta siendo visitada por el metodo GET y no existe."}
{"level":"warn","message":"la ruta /favicon.ico esta siendo visitada por el metodo GET y no existe."}
{"level":"warn","message":"la ruta /favicon.ico esta siendo visitada por el metodo GET y no existe."}
{"level":"warn","message":"la ruta /favicon.ico esta siendo visitada por el metodo GET y no existe."}
{"level":"warn","message":"la ruta /favicon.ico esta siendo visitada por el metodo GET y no existe."}
{"level":"warn","message":"la ruta /favicon.ico esta siendo visitada por el metodo GET y no existe."}
{"level":"warn","message":"la ruta /favicon.ico esta siendo visitada por el metodo GET y no existe."}
{"level":"warn","message":"la ruta /favicon.ico esta siendo visitada por el metodo GET y no existe."}
{"level":"warn","message":"la ruta /favicon.ico esta siendo visitada por el metodo GET y no existe."}
{"level":"warn","message":"la ruta /favicon.ico esta siendo visitada por el metodo GET y no existe."}
{"level":"warn","message":"la ruta /favicon.ico esta siendo visitada por el metodo GET y no existe."}
{"level":"warn","message":"la ruta /favicon.ico esta siendo visitada por el metodo GET y no existe."}
{"level":"warn","message":"la ruta /favicon.ico esta siendo visitada por el metodo GET y no existe."}
{"level":"warn","message":"la ruta /favicon.ico esta siendo visitada por el metodo GET y no existe."}
{"level":"warn","message":"la ruta /favicon.ico esta siendo visitada por el metodo GET y no existe."}
{"level":"warn","message":"la ruta /favicon.ico esta siendo visitada por el metodo GET y no existe."}
{"level":"warn","message":"la ruta /favicon.ico esta siendo visitada por el metodo GET y no existe."}
{"level":"warn","message":"la ruta /favicon.ico esta siendo visitada por el metodo GET y no existe."}
{"level":"warn","message":"la ruta /favicon.ico esta siendo visitada por el metodo GET y no existe."}
{"level":"warn","message":"la ruta /favicon.ico esta siendo visitada por el metodo GET y no existe."}
{"level":"warn","message":"la ruta /favicon.ico esta siendo visitada por el metodo GET y no existe."}
{"level":"warn","message":"la ruta /favicon.ico esta siendo visitada por el metodo GET y no existe."}
{"level":"warn","message":"la ruta /favicon.ico esta siendo visitada por el metodo GET y no existe."}
{"level":"warn","message":"la ruta /favicon.ico esta siendo visitada por el metodo GET y no existe."}
{"level":"warn","message":"la ruta /favicon.ico esta siendo visitada por el metodo GET y no existe."}
{"level":"warn","message":"la ruta /favicon.ico esta siendo visitada por el metodo GET y no existe."}
{"level":"warn","message":"la ruta /favicon.ico esta siendo visitada por el metodo GET y no existe."}
{"level":"warn","message":"la ruta /favicon.ico esta siendo visitada por el metodo GET y no existe."}
{"level":"warn","message":"la ruta /favicon.ico esta siendo visitada por el metodo GET y no existe."}
{"level":"warn","message":"la ruta /favicon.ico esta siendo visitada por el metodo GET y no existe."}
{"level":"warn","message":"la ruta /favicon.ico esta siendo visitada por el metodo GET y no existe."}
{"level":"warn","message":"la ruta /favicon.ico esta siendo visitada por el metodo GET y no existe."}
{"level":"warn","message":"la ruta /favicon.ico esta siendo visitada por el metodo GET y no existe."}
{"level":"warn","message":"la ruta /favicon.ico esta siendo visitada por el metodo GET y no existe."}
{"level":"warn","message":"la ruta /favicon.ico esta siendo visitada por el metodo GET y no existe."}
{"level":"warn","message":"la ruta /favicon.ico esta siendo visitada por el metodo GET y no existe."}
{"level":"warn","message":"la ruta /favicon.ico esta siendo visitada por el metodo GET y no existe."}
{"level":"warn","message":"la ruta /favicon.ico esta siendo visitada por el metodo GET y no existe."}
{"level":"warn","message":"la ruta /favicon.ico esta siendo visitada por el metodo GET y no existe."}
{"level":"warn","message":"la ruta /favicon.ico esta siendo visitada por el metodo GET y no existe."}
{"level":"warn","message":"la ruta /favicon.ico esta siendo visitada por el metodo GET y no existe."}
{"level":"warn","message":"la ruta /favicon.ico esta siendo visitada por el metodo GET y no existe."}
{"level":"warn","message":"la ruta /favicon.ico esta siendo visitada por el metodo GET y no existe."}
{"level":"warn","message":"la ruta /favicon.ico esta siendo visitada por el metodo GET y no existe."}
{"level":"warn","message":"la ruta /favicon.ico esta siendo visitada por el metodo GET y no existe."}
{"level":"warn","message":"la ruta /favicon.ico esta siendo visitada por el metodo GET y no existe."}
{"level":"warn","message":"la ruta /favicon.ico esta siendo visitada por el metodo GET y no existe."}
