{"level":"warn","message":"la ruta /favicon.ico esta siendo visitada por el metodo GET y no existe."}
{"level":"warn","message":"la ruta /favicon.ico esta siendo visitada por el metodo GET y no existe."}
{"level":"warn","message":"la ruta /favicon.ico esta siendo visitada por el metodo GET y no existe."}{"level":"warn","message":"la ruta /favicon.ico esta siendo visitada por el metodo GET y no existe."}
{"level":"warn","message":"la ruta /favicon.ico esta siendo visitada por el metodo GET y no existe."}
{"level":"warn","message":"la ruta /favicon.ico esta siendo visitada por el metodo GET y no existe."}
{"level":"warn","message":"la ruta /favicon.ico esta siendo visitada por el metodo GET y no existe."}
{"level":"warn","message":"la ruta /favicon.ico esta siendo visitada por el metodo GET y no existe."}
{"level":"warn","message":"la ruta /favicon.ico esta siendo visitada por el metodo GET y no existe."}
{"level":"warn","message":"la ruta /favicon.ico esta siendo visitada por el metodo GET y no existe."}
{"level":"warn","message":"la ruta /favicon.ico esta siendo visitada por el metodo GET y no existe."}
{"level":"warn","message":"la ruta /favicon.ico esta siendo visitada por el metodo GET y no existe."}
{"level":"warn","message":"la ruta /favicon.ico esta siendo visitada por el metodo GET y no existe."}
{"level":"warn","message":"la ruta /favicon.ico esta siendo visitada por el metodo GET y no existe."}
{"level":"warn","message":"la ruta /favicon.ico esta siendo visitada por el metodo GET y no existe."}
{"level":"warn","message":"la ruta /socket.io/?EIO=4&transport=polling&t=OTZRGoW esta siendo visitada por el metodo GET y no existe."}
{"level":"warn","message":"la ruta /socket.io/?EIO=4&transport=polling&t=OTZRIZb esta siendo visitada por el metodo GET y no existe."}
{"level":"warn","message":"la ruta /socket.io/?EIO=4&transport=polling&t=OTZRJpS esta siendo visitada por el metodo GET y no existe."}
{"level":"warn","message":"la ruta /socket.io/?EIO=4&transport=polling&t=OTZRL2t esta siendo visitada por el metodo GET y no existe."}
{"level":"warn","message":"la ruta /socket.io/?EIO=4&transport=polling&t=OTZRMKo esta siendo visitada por el metodo GET y no existe."}
{"level":"warn","message":"la ruta /socket.io/?EIO=4&transport=polling&t=OTZRNaR esta siendo visitada por el metodo GET y no existe."}
{"level":"warn","message":"la ruta /socket.io/?EIO=4&transport=polling&t=OTZROqD esta siendo visitada por el metodo GET y no existe."}
{"level":"warn","message":"la ruta /socket.io/?EIO=4&transport=polling&t=OTZRQ3i esta siendo visitada por el metodo GET y no existe."}
{"level":"warn","message":"la ruta /socket.io/?EIO=4&transport=polling&t=OTZRRJk esta siendo visitada por el metodo GET y no existe."}
{"level":"warn","message":"la ruta /socket.io/?EIO=4&transport=polling&t=OTZRSZI esta siendo visitada por el metodo GET y no existe."}
{"level":"warn","message":"la ruta /socket.io/?EIO=4&transport=polling&t=OTZRToq esta siendo visitada por el metodo GET y no existe."}
{"level":"warn","message":"la ruta /socket.io/?EIO=4&transport=polling&t=OTZRV2h esta siendo visitada por el metodo GET y no existe."}
{"level":"warn","message":"la ruta /socket.io/?EIO=4&transport=polling&t=OTZRWLw esta siendo visitada por el metodo GET y no existe."}
{"level":"warn","message":"la ruta /socket.io/?EIO=4&transport=polling&t=OTZRXb_ esta siendo visitada por el metodo GET y no existe."}
{"level":"warn","message":"la ruta /socket.io/?EIO=4&transport=polling&t=OTZRYtT esta siendo visitada por el metodo GET y no existe."}
{"level":"warn","message":"la ruta /socket.io/?EIO=4&transport=polling&t=OTZRa6- esta siendo visitada por el metodo GET y no existe."}
{"level":"warn","message":"la ruta /socket.io/?EIO=4&transport=polling&t=OTZRbMY esta siendo visitada por el metodo GET y no existe."}
{"level":"warn","message":"la ruta /socket.io/?EIO=4&transport=polling&t=OTZRcby esta siendo visitada por el metodo GET y no existe."}
{"level":"warn","message":"la ruta /socket.io/?EIO=4&transport=polling&t=OTZRdrD esta siendo visitada por el metodo GET y no existe."}
{"level":"warn","message":"la ruta /socket.io/?EIO=4&transport=polling&t=OTZRf4X esta siendo visitada por el metodo GET y no existe."}
{"level":"warn","message":"la ruta /socket.io/?EIO=4&transport=polling&t=OTZRgKm esta siendo visitada por el metodo GET y no existe."}
{"level":"warn","message":"la ruta /socket.io/?EIO=4&transport=polling&t=OTZRhaT esta siendo visitada por el metodo GET y no existe."}
{"level":"warn","message":"la ruta /socket.io/?EIO=4&transport=polling&t=OTZRipq esta siendo visitada por el metodo GET y no existe."}
{"level":"warn","message":"la ruta /socket.io/?EIO=4&transport=polling&t=OTZRk38 esta siendo visitada por el metodo GET y no existe."}
{"level":"warn","message":"la ruta /socket.io/?EIO=4&transport=polling&t=OTZRlJ9 esta siendo visitada por el metodo GET y no existe."}
{"level":"warn","message":"la ruta /socket.io/?EIO=4&transport=polling&t=OTZRmbL esta siendo visitada por el metodo GET y no existe."}
{"level":"warn","message":"la ruta /socket.io/?EIO=4&transport=polling&t=OTZRnrz esta siendo visitada por el metodo GET y no existe."}
{"level":"warn","message":"la ruta /socket.io/?EIO=4&transport=polling&t=OTZRpFx esta siendo visitada por el metodo GET y no existe."}
{"level":"warn","message":"la ruta /socket.io/?EIO=4&transport=polling&t=OTZRqX6 esta siendo visitada por el metodo GET y no existe."}
{"level":"warn","message":"la ruta /socket.io/?EIO=4&transport=polling&t=OTZRrmO esta siendo visitada por el metodo GET y no existe."}
{"level":"warn","message":"la ruta /socket.io/?EIO=4&transport=polling&t=OTZRs_x esta siendo visitada por el metodo GET y no existe."}
{"level":"warn","message":"la ruta /socket.io/?EIO=4&transport=polling&t=OTZRuFX esta siendo visitada por el metodo GET y no existe."}
{"level":"warn","message":"la ruta /socket.io/?EIO=4&transport=polling&t=OTZRvXX esta siendo visitada por el metodo GET y no existe."}
{"level":"warn","message":"la ruta /socket.io/?EIO=4&transport=polling&t=OTZRwrD esta siendo visitada por el metodo GET y no existe."}
{"level":"warn","message":"la ruta /socket.io/?EIO=4&transport=polling&t=OTZRy4l esta siendo visitada por el metodo GET y no existe."}
{"level":"warn","message":"la ruta /socket.io/?EIO=4&transport=polling&t=OTZRzKI esta siendo visitada por el metodo GET y no existe."}
{"level":"warn","message":"la ruta /socket.io/?EIO=4&transport=polling&t=OTZR-Zh esta siendo visitada por el metodo GET y no existe."}
{"level":"warn","message":"la ruta /socket.io/?EIO=4&transport=polling&t=OTZR_sR esta siendo visitada por el metodo GET y no existe."}
{"level":"warn","message":"la ruta /socket.io/?EIO=4&transport=polling&t=OTZS15g esta siendo visitada por el metodo GET y no existe."}
{"level":"warn","message":"la ruta /socket.io/?EIO=4&transport=polling&t=OTZS2L9 esta siendo visitada por el metodo GET y no existe."}
{"level":"warn","message":"la ruta /socket.io/?EIO=4&transport=polling&t=OTZS3aN esta siendo visitada por el metodo GET y no existe."}
{"level":"warn","message":"la ruta /socket.io/?EIO=4&transport=polling&t=OTZS4po esta siendo visitada por el metodo GET y no existe."}
{"level":"warn","message":"la ruta /socket.io/?EIO=4&transport=polling&t=OTZS63C esta siendo visitada por el metodo GET y no existe."}
{"level":"warn","message":"la ruta /socket.io/?EIO=4&transport=polling&t=OTZS7IO esta siendo visitada por el metodo GET y no existe."}
{"level":"warn","message":"la ruta /socket.io/?EIO=4&transport=polling&t=OTZS8YK esta siendo visitada por el metodo GET y no existe."}
{"level":"warn","message":"la ruta /socket.io/?EIO=4&transport=polling&t=OTZS9oI esta siendo visitada por el metodo GET y no existe."}
{"level":"warn","message":"la ruta /socket.io/?EIO=4&transport=polling&t=OTZSB1a esta siendo visitada por el metodo GET y no existe."}
{"level":"warn","message":"la ruta /socket.io/?EIO=4&transport=polling&t=OTZSCHH esta siendo visitada por el metodo GET y no existe."}
{"level":"warn","message":"la ruta /socket.io/?EIO=4&transport=polling&t=OTZSDbr esta siendo visitada por el metodo GET y no existe."}
{"level":"warn","message":"la ruta /socket.io/?EIO=4&transport=polling&t=OTZSErE esta siendo visitada por el metodo GET y no existe."}
{"level":"warn","message":"la ruta /socket.io/?EIO=4&transport=polling&t=OTZSG4h esta siendo visitada por el metodo GET y no existe."}
{"level":"warn","message":"la ruta /socket.io/?EIO=4&transport=polling&t=OTZSHK5 esta siendo visitada por el metodo GET y no existe."}
{"level":"warn","message":"la ruta /socket.io/?EIO=4&transport=polling&t=OTZSIZN esta siendo visitada por el metodo GET y no existe."}
{"level":"warn","message":"la ruta /socket.io/?EIO=4&transport=polling&t=OTZSJor esta siendo visitada por el metodo GET y no existe."}
{"level":"warn","message":"la ruta /socket.io/?EIO=4&transport=polling&t=OTZSL2L esta siendo visitada por el metodo GET y no existe."}
{"level":"warn","message":"la ruta /socket.io/?EIO=4&transport=polling&t=OTZSMHe esta siendo visitada por el metodo GET y no existe."}
{"level":"warn","message":"la ruta /socket.io/?EIO=4&transport=polling&t=OTZSNX9 esta siendo visitada por el metodo GET y no existe."}
{"level":"warn","message":"la ruta /socket.io/?EIO=4&transport=polling&t=OTZSOmY esta siendo visitada por el metodo GET y no existe."}
{"level":"warn","message":"la ruta /socket.io/?EIO=4&transport=polling&t=OTZSP_v esta siendo visitada por el metodo GET y no existe."}
{"level":"warn","message":"la ruta /socket.io/?EIO=4&transport=polling&t=OTZSRF5 esta siendo visitada por el metodo GET y no existe."}
{"level":"warn","message":"la ruta /socket.io/?EIO=4&transport=polling&t=OTZSSW8 esta siendo visitada por el metodo GET y no existe."}
{"level":"warn","message":"la ruta /socket.io/?EIO=4&transport=polling&t=OTZSTlW esta siendo visitada por el metodo GET y no existe."}
{"level":"warn","message":"la ruta /socket.io/?EIO=4&transport=polling&t=OTZSV6u esta siendo visitada por el metodo GET y no existe."}
{"level":"warn","message":"la ruta /socket.io/?EIO=4&transport=polling&t=OTZSWML esta siendo visitada por el metodo GET y no existe."}
{"level":"warn","message":"la ruta /socket.io/?EIO=4&transport=polling&t=OTZSXbl esta siendo visitada por el metodo GET y no existe."}
{"level":"warn","message":"la ruta /socket.io/?EIO=4&transport=polling&t=OTZSYrG esta siendo visitada por el metodo GET y no existe."}
{"level":"warn","message":"la ruta /socket.io/?EIO=4&transport=polling&t=OTZSa4Z esta siendo visitada por el metodo GET y no existe."}
{"level":"warn","message":"la ruta /socket.io/?EIO=4&transport=polling&t=OTZSbKp esta siendo visitada por el metodo GET y no existe."}
{"level":"warn","message":"la ruta /socket.io/?EIO=4&transport=polling&t=OTZScaU esta siendo visitada por el metodo GET y no existe."}
{"level":"warn","message":"la ruta /socket.io/?EIO=4&transport=polling&t=OTZSdq0 esta siendo visitada por el metodo GET y no existe."}
{"level":"warn","message":"la ruta /socket.io/?EIO=4&transport=polling&t=OTZSf3G esta siendo visitada por el metodo GET y no existe."}
{"level":"warn","message":"la ruta /socket.io/?EIO=4&transport=polling&t=OTZSgIV esta siendo visitada por el metodo GET y no existe."}
{"level":"warn","message":"la ruta /socket.io/?EIO=4&transport=polling&t=OTZShYL esta siendo visitada por el metodo GET y no existe."}
{"level":"warn","message":"la ruta /socket.io/?EIO=4&transport=polling&t=OTZSipe esta siendo visitada por el metodo GET y no existe."}
{"level":"warn","message":"la ruta /socket.io/?EIO=4&transport=polling&t=OTZSk4I esta siendo visitada por el metodo GET y no existe."}
{"level":"warn","message":"la ruta /socket.io/?EIO=4&transport=polling&t=OTZSlJa esta siendo visitada por el metodo GET y no existe."}
{"level":"warn","message":"la ruta /socket.io/?EIO=4&transport=polling&t=OTZSmY_ esta siendo visitada por el metodo GET y no existe."}
{"level":"warn","message":"la ruta /socket.io/?EIO=4&transport=polling&t=OTZSnol esta siendo visitada por el metodo GET y no existe."}
{"level":"warn","message":"la ruta /socket.io/?EIO=4&transport=polling&t=OTZSp2K esta siendo visitada por el metodo GET y no existe."}
{"level":"warn","message":"la ruta /socket.io/?EIO=4&transport=polling&t=OTZSqHh esta siendo visitada por el metodo GET y no existe."}
{"level":"warn","message":"la ruta /socket.io/?EIO=4&transport=polling&t=OTZSrde esta siendo visitada por el metodo GET y no existe."}
{"level":"warn","message":"la ruta /socket.io/?EIO=4&transport=polling&t=OTZSssx esta siendo visitada por el metodo GET y no existe."}
{"level":"warn","message":"la ruta /socket.io/?EIO=4&transport=polling&t=OTZSu73 esta siendo visitada por el metodo GET y no existe."}
{"level":"warn","message":"la ruta /socket.io/?EIO=4&transport=polling&t=OTZSvNb esta siendo visitada por el metodo GET y no existe."}
{"level":"warn","message":"la ruta /socket.io/?EIO=4&transport=polling&t=OTZSwdB esta siendo visitada por el metodo GET y no existe."}
{"level":"warn","message":"la ruta /socket.io/?EIO=4&transport=polling&t=OTZSxsd esta siendo visitada por el metodo GET y no existe."}
{"level":"warn","message":"la ruta /socket.io/?EIO=4&transport=polling&t=OTZSz5z esta siendo visitada por el metodo GET y no existe."}
{"level":"warn","message":"la ruta /socket.io/?EIO=4&transport=polling&t=OTZS-LK esta siendo visitada por el metodo GET y no existe."}
{"level":"warn","message":"la ruta /socket.io/?EIO=4&transport=polling&t=OTZS_ag esta siendo visitada por el metodo GET y no existe."}
{"level":"warn","message":"la ruta /socket.io/?EIO=4&transport=polling&t=OTZT0sE esta siendo visitada por el metodo GET y no existe."}
{"level":"warn","message":"la ruta /socket.io/?EIO=4&transport=polling&t=OTZT25x esta siendo visitada por el metodo GET y no existe."}
{"level":"warn","message":"la ruta /socket.io/?EIO=4&transport=polling&t=OTZT3L9 esta siendo visitada por el metodo GET y no existe."}
{"level":"warn","message":"la ruta /socket.io/?EIO=4&transport=polling&t=OTZT4aM esta siendo visitada por el metodo GET y no existe."}
{"level":"warn","message":"la ruta /socket.io/?EIO=4&transport=polling&t=OTZT5pW esta siendo visitada por el metodo GET y no existe."}
{"level":"warn","message":"la ruta /socket.io/?EIO=4&transport=polling&t=OTZT736 esta siendo visitada por el metodo GET y no existe."}
{"level":"warn","message":"la ruta /socket.io/?EIO=4&transport=polling&t=OTZT8II esta siendo visitada por el metodo GET y no existe."}
{"level":"warn","message":"la ruta /socket.io/?EIO=4&transport=polling&t=OTZT9Xe esta siendo visitada por el metodo GET y no existe."}
{"level":"warn","message":"la ruta /socket.io/?EIO=4&transport=polling&t=OTZTApE esta siendo visitada por el metodo GET y no existe."}
{"level":"warn","message":"la ruta /socket.io/?EIO=4&transport=polling&t=OTZTC2h esta siendo visitada por el metodo GET y no existe."}
{"level":"warn","message":"la ruta /socket.io/?EIO=4&transport=polling&t=OTZTDIG esta siendo visitada por el metodo GET y no existe."}
{"level":"warn","message":"la ruta /socket.io/?EIO=4&transport=polling&t=OTZTEYh esta siendo visitada por el metodo GET y no existe."}
{"level":"warn","message":"la ruta /socket.io/?EIO=4&transport=polling&t=OTZTFo9 esta siendo visitada por el metodo GET y no existe."}
{"level":"warn","message":"la ruta /socket.io/?EIO=4&transport=polling&t=OTZTH1X esta siendo visitada por el metodo GET y no existe."}
{"level":"warn","message":"la ruta /socket.io/?EIO=4&transport=polling&t=OTZTIGd esta siendo visitada por el metodo GET y no existe."}
{"level":"warn","message":"la ruta /socket.io/?EIO=4&transport=polling&t=OTZTJWi esta siendo visitada por el metodo GET y no existe."}
{"level":"warn","message":"la ruta /socket.io/?EIO=4&transport=polling&t=OTZTKnh esta siendo visitada por el metodo GET y no existe."}
{"level":"warn","message":"la ruta /socket.io/?EIO=4&transport=polling&t=OTZTM12 esta siendo visitada por el metodo GET y no existe."}
{"level":"warn","message":"la ruta /socket.io/?EIO=4&transport=polling&t=OTZTNGf esta siendo visitada por el metodo GET y no existe."}
{"level":"warn","message":"la ruta /socket.io/?EIO=4&transport=polling&t=OTZTOV_ esta siendo visitada por el metodo GET y no existe."}
{"level":"warn","message":"la ruta /socket.io/?EIO=4&transport=polling&t=OTZTPlF esta siendo visitada por el metodo GET y no existe."}
{"level":"warn","message":"la ruta /socket.io/?EIO=4&transport=polling&t=OTZTQ-g esta siendo visitada por el metodo GET y no existe."}
{"level":"warn","message":"la ruta /socket.io/?EIO=4&transport=polling&t=OTZTSE3 esta siendo visitada por el metodo GET y no existe."}
{"level":"warn","message":"la ruta /socket.io/?EIO=4&transport=polling&t=OTZTTUM esta siendo visitada por el metodo GET y no existe."}
{"level":"warn","message":"la ruta /socket.io/?EIO=4&transport=polling&t=OTZTUkx esta siendo visitada por el metodo GET y no existe."}
{"level":"warn","message":"la ruta /socket.io/?EIO=4&transport=polling&t=OTZTV-X esta siendo visitada por el metodo GET y no existe."}
{"level":"warn","message":"la ruta /socket.io/?EIO=4&transport=polling&t=OTZTXEj esta siendo visitada por el metodo GET y no existe."}
{"level":"warn","message":"la ruta /socket.io/?EIO=4&transport=polling&t=OTZTYUh esta siendo visitada por el metodo GET y no existe."}
{"level":"warn","message":"la ruta /socket.io/?EIO=4&transport=polling&t=OTZTZkA esta siendo visitada por el metodo GET y no existe."}
{"level":"warn","message":"la ruta /socket.io/?EIO=4&transport=polling&t=OTZTazb esta siendo visitada por el metodo GET y no existe."}
{"level":"warn","message":"la ruta /socket.io/?EIO=4&transport=polling&t=OTZTcCw esta siendo visitada por el metodo GET y no existe."}
{"level":"warn","message":"la ruta /socket.io/?EIO=4&transport=polling&t=OTZTdSn esta siendo visitada por el metodo GET y no existe."}
{"level":"warn","message":"la ruta /socket.io/?EIO=4&transport=polling&t=OTZTeiD esta siendo visitada por el metodo GET y no existe."}
{"level":"warn","message":"la ruta /socket.io/?EIO=4&transport=polling&t=OTZTfxb esta siendo visitada por el metodo GET y no existe."}
{"level":"warn","message":"la ruta /socket.io/?EIO=4&transport=polling&t=OTZThF2 esta siendo visitada por el metodo GET y no existe."}
{"level":"warn","message":"la ruta /socket.io/?EIO=4&transport=polling&t=OTZTiW7 esta siendo visitada por el metodo GET y no existe."}
{"level":"warn","message":"la ruta /socket.io/?EIO=4&transport=polling&t=OTZTjlU esta siendo visitada por el metodo GET y no existe."}
{"level":"warn","message":"la ruta /socket.io/?EIO=4&transport=polling&t=OTZTl4_ esta siendo visitada por el metodo GET y no existe."}
{"level":"warn","message":"la ruta /socket.io/?EIO=4&transport=polling&t=OTZTmKx esta siendo visitada por el metodo GET y no existe."}
{"level":"warn","message":"la ruta /socket.io/?EIO=4&transport=polling&t=OTZTnaX esta siendo visitada por el metodo GET y no existe."}
{"level":"warn","message":"la ruta /socket.io/?EIO=4&transport=polling&t=OTZToqV esta siendo visitada por el metodo GET y no existe."}
{"level":"warn","message":"la ruta /socket.io/?EIO=4&transport=polling&t=OTZTq3w esta siendo visitada por el metodo GET y no existe."}
{"level":"warn","message":"la ruta /socket.io/?EIO=4&transport=polling&t=OTZTrJD esta siendo visitada por el metodo GET y no existe."}
{"level":"warn","message":"la ruta /socket.io/?EIO=4&transport=polling&t=OTZTsYf esta siendo visitada por el metodo GET y no existe."}
{"level":"warn","message":"la ruta /socket.io/?EIO=4&transport=polling&t=OTZTtnv esta siendo visitada por el metodo GET y no existe."}
{"level":"warn","message":"la ruta /socket.io/?EIO=4&transport=polling&t=OTZTv1L esta siendo visitada por el metodo GET y no existe."}
{"level":"warn","message":"la ruta /socket.io/?EIO=4&transport=polling&t=OTZTwGj esta siendo visitada por el metodo GET y no existe."}
{"level":"warn","message":"la ruta /socket.io/?EIO=4&transport=polling&t=OTZTxXT esta siendo visitada por el metodo GET y no existe."}
{"level":"warn","message":"la ruta /socket.io/?EIO=4&transport=polling&t=OTZTyn0 esta siendo visitada por el metodo GET y no existe."}
{"level":"warn","message":"la ruta /socket.io/?EIO=4&transport=polling&t=OTZT-0S esta siendo visitada por el metodo GET y no existe."}
{"level":"warn","message":"la ruta /socket.io/?EIO=4&transport=polling&t=OTZT_Fo esta siendo visitada por el metodo GET y no existe."}
{"level":"warn","message":"la ruta /socket.io/?EIO=4&transport=polling&t=OTZU0Vl esta siendo visitada por el metodo GET y no existe."}
{"level":"warn","message":"la ruta /socket.io/?EIO=4&transport=polling&t=OTZU1l3 esta siendo visitada por el metodo GET y no existe."}
{"level":"warn","message":"la ruta /socket.io/?EIO=4&transport=polling&t=OTZU328 esta siendo visitada por el metodo GET y no existe."}
{"level":"warn","message":"la ruta /socket.io/?EIO=4&transport=polling&t=OTZU4Il esta siendo visitada por el metodo GET y no existe."}
{"level":"warn","message":"la ruta /socket.io/?EIO=4&transport=polling&t=OTZU5Ye esta siendo visitada por el metodo GET y no existe."}
{"level":"warn","message":"la ruta /socket.io/?EIO=4&transport=polling&t=OTZU6n- esta siendo visitada por el metodo GET y no existe."}
{"level":"warn","message":"la ruta /socket.io/?EIO=4&transport=polling&t=OTZU81V esta siendo visitada por el metodo GET y no existe."}
{"level":"warn","message":"la ruta /socket.io/?EIO=4&transport=polling&t=OTZU9Gr esta siendo visitada por el metodo GET y no existe."}
{"level":"warn","message":"la ruta /socket.io/?EIO=4&transport=polling&t=OTZUAgH esta siendo visitada por el metodo GET y no existe."}
{"level":"warn","message":"la ruta /socket.io/?EIO=4&transport=polling&t=OTZUBvm esta siendo visitada por el metodo GET y no existe."}
{"level":"warn","message":"la ruta /socket.io/?EIO=4&transport=polling&t=OTZUD9B esta siendo visitada por el metodo GET y no existe."}
{"level":"warn","message":"la ruta /socket.io/?EIO=4&transport=polling&t=OTZUEP5 esta siendo visitada por el metodo GET y no existe."}
{"level":"warn","message":"la ruta /socket.io/?EIO=4&transport=polling&t=OTZUFen esta siendo visitada por el metodo GET y no existe."}
{"level":"warn","message":"la ruta /socket.io/?EIO=4&transport=polling&t=OTZUGyp esta siendo visitada por el metodo GET y no existe."}
{"level":"warn","message":"la ruta /socket.io/?EIO=4&transport=polling&t=OTZUICI esta siendo visitada por el metodo GET y no existe."}
{"level":"warn","message":"la ruta /socket.io/?EIO=4&transport=polling&t=OTZUJSS esta siendo visitada por el metodo GET y no existe."}
{"level":"warn","message":"la ruta /socket.io/?EIO=4&transport=polling&t=OTZUKiR esta siendo visitada por el metodo GET y no existe."}
{"level":"warn","message":"la ruta /socket.io/?EIO=4&transport=polling&t=OTZULz2 esta siendo visitada por el metodo GET y no existe."}
{"level":"warn","message":"la ruta /socket.io/?EIO=4&transport=polling&t=OTZUNF5 esta siendo visitada por el metodo GET y no existe."}
{"level":"warn","message":"la ruta /socket.io/?EIO=4&transport=polling&t=OTZUOeO esta siendo visitada por el metodo GET y no existe."}
{"level":"warn","message":"la ruta /socket.io/?EIO=4&transport=polling&t=OTZUPvk esta siendo visitada por el metodo GET y no existe."}
{"level":"warn","message":"la ruta /socket.io/?EIO=4&transport=polling&t=OTZUR9C esta siendo visitada por el metodo GET y no existe."}
{"level":"warn","message":"la ruta /socket.io/?EIO=4&transport=polling&t=OTZUSQj esta siendo visitada por el metodo GET y no existe."}
{"level":"warn","message":"la ruta /socket.io/?EIO=4&transport=polling&t=OTZUTir esta siendo visitada por el metodo GET y no existe."}
{"level":"warn","message":"la ruta /socket.io/?EIO=4&transport=polling&t=OTZUUyS esta siendo visitada por el metodo GET y no existe."}
{"level":"warn","message":"la ruta /socket.io/?EIO=4&transport=polling&t=OTZUWEw esta siendo visitada por el metodo GET y no existe."}
{"level":"warn","message":"la ruta /socket.io/?EIO=4&transport=polling&t=OTZUXW5 esta siendo visitada por el metodo GET y no existe."}
{"level":"warn","message":"la ruta /socket.io/?EIO=4&transport=polling&t=OTZUYoN esta siendo visitada por el metodo GET y no existe."}
{"level":"warn","message":"la ruta /socket.io/?EIO=4&transport=polling&t=OTZUa5i esta siendo visitada por el metodo GET y no existe."}
{"level":"warn","message":"la ruta /socket.io/?EIO=4&transport=polling&t=OTZUbOU esta siendo visitada por el metodo GET y no existe."}
{"level":"warn","message":"la ruta /socket.io/?EIO=4&transport=polling&t=OTZUcfR esta siendo visitada por el metodo GET y no existe."}
{"level":"warn","message":"la ruta /socket.io/?EIO=4&transport=polling&t=OTZUeNE esta siendo visitada por el metodo GET y no existe."}
{"level":"warn","message":"la ruta /socket.io/?EIO=4&transport=polling&t=OTZUfcq esta siendo visitada por el metodo GET y no existe."}
{"level":"warn","message":"la ruta /socket.io/?EIO=4&transport=polling&t=OTZUgsD esta siendo visitada por el metodo GET y no existe."}
{"level":"warn","message":"la ruta /socket.io/?EIO=4&transport=polling&t=OTZUi5h esta siendo visitada por el metodo GET y no existe."}
{"level":"warn","message":"la ruta /socket.io/?EIO=4&transport=polling&t=OTZUjLJ esta siendo visitada por el metodo GET y no existe."}
{"level":"warn","message":"la ruta /socket.io/?EIO=4&transport=polling&t=OTZUkaZ esta siendo visitada por el metodo GET y no existe."}
{"level":"warn","message":"la ruta /socket.io/?EIO=4&transport=polling&t=OTZUlt0 esta siendo visitada por el metodo GET y no existe."}
{"level":"warn","message":"la ruta /socket.io/?EIO=4&transport=polling&t=OTZUn7d esta siendo visitada por el metodo GET y no existe."}
{"level":"warn","message":"la ruta /socket.io/?EIO=4&transport=polling&t=OTZUoNc esta siendo visitada por el metodo GET y no existe."}
{"level":"warn","message":"la ruta /socket.io/?EIO=4&transport=polling&t=OTZUpeC esta siendo visitada por el metodo GET y no existe."}
{"level":"warn","message":"la ruta /socket.io/?EIO=4&transport=polling&t=OTZUqtq esta siendo visitada por el metodo GET y no existe."}
{"level":"warn","message":"la ruta /socket.io/?EIO=4&transport=polling&t=OTZUs8i esta siendo visitada por el metodo GET y no existe."}
{"level":"warn","message":"la ruta /socket.io/?EIO=4&transport=polling&t=OTZUtO4 esta siendo visitada por el metodo GET y no existe."}
{"level":"warn","message":"la ruta /socket.io/?EIO=4&transport=polling&t=OTZUuer esta siendo visitada por el metodo GET y no existe."}
{"level":"warn","message":"la ruta /socket.io/?EIO=4&transport=polling&t=OTZUvu4 esta siendo visitada por el metodo GET y no existe."}
{"level":"warn","message":"la ruta /socket.io/?EIO=4&transport=polling&t=OTZUx7T esta siendo visitada por el metodo GET y no existe."}
{"level":"warn","message":"la ruta /socket.io/?EIO=4&transport=polling&t=OTZUyMt esta siendo visitada por el metodo GET y no existe."}
{"level":"warn","message":"la ruta /socket.io/?EIO=4&transport=polling&t=OTZUzc6 esta siendo visitada por el metodo GET y no existe."}
{"level":"warn","message":"la ruta /socket.io/?EIO=4&transport=polling&t=OTZU-rW esta siendo visitada por el metodo GET y no existe."}
{"level":"warn","message":"la ruta /socket.io/?EIO=4&transport=polling&t=OTZV0AC esta siendo visitada por el metodo GET y no existe."}
{"level":"warn","message":"la ruta /socket.io/?EIO=4&transport=polling&t=OTZV1QF esta siendo visitada por el metodo GET y no existe."}
{"level":"warn","message":"la ruta /socket.io/?EIO=4&transport=polling&t=OTZV2fh esta siendo visitada por el metodo GET y no existe."}
{"level":"warn","message":"la ruta /socket.io/?EIO=4&transport=polling&t=OTZV3xi esta siendo visitada por el metodo GET y no existe."}
{"level":"warn","message":"la ruta /socket.io/?EIO=4&transport=polling&t=OTZV5DH esta siendo visitada por el metodo GET y no existe."}
{"level":"warn","message":"la ruta /socket.io/?EIO=4&transport=polling&t=OTZV6Tv esta siendo visitada por el metodo GET y no existe."}
{"level":"warn","message":"la ruta /socket.io/?EIO=4&transport=polling&t=OTZV7jw esta siendo visitada por el metodo GET y no existe."}
{"level":"warn","message":"la ruta /socket.io/?EIO=4&transport=polling&t=OTZV8zI esta siendo visitada por el metodo GET y no existe."}
{"level":"warn","message":"la ruta /socket.io/?EIO=4&transport=polling&t=OTZVACV esta siendo visitada por el metodo GET y no existe."}
{"level":"warn","message":"la ruta /socket.io/?EIO=4&transport=polling&t=OTZVBRs esta siendo visitada por el metodo GET y no existe."}
{"level":"warn","message":"la ruta /socket.io/?EIO=4&transport=polling&t=OTZVChK esta siendo visitada por el metodo GET y no existe."}
{"level":"warn","message":"la ruta /socket.io/?EIO=4&transport=polling&t=OTZVDxF esta siendo visitada por el metodo GET y no existe."}
{"level":"warn","message":"la ruta /socket.io/?EIO=4&transport=polling&t=OTZVFAo esta siendo visitada por el metodo GET y no existe."}
{"level":"warn","message":"la ruta /socket.io/?EIO=4&transport=polling&t=OTZVGQC esta siendo visitada por el metodo GET y no existe."}
{"level":"warn","message":"la ruta /socket.io/?EIO=4&transport=polling&t=OTZVHfR esta siendo visitada por el metodo GET y no existe."}
{"level":"warn","message":"la ruta /socket.io/?EIO=4&transport=polling&t=OTZVIuu esta siendo visitada por el metodo GET y no existe."}
{"level":"warn","message":"la ruta /socket.io/?EIO=4&transport=polling&t=OTZVK8U esta siendo visitada por el metodo GET y no existe."}
{"level":"warn","message":"la ruta /socket.io/?EIO=4&transport=polling&t=OTZVLNx esta siendo visitada por el metodo GET y no existe."}
{"level":"warn","message":"la ruta /socket.io/?EIO=4&transport=polling&t=OTZVMdL esta siendo visitada por el metodo GET y no existe."}
{"level":"warn","message":"la ruta /socket.io/?EIO=4&transport=polling&t=OTZVNsX esta siendo visitada por el metodo GET y no existe."}
{"level":"warn","message":"la ruta /socket.io/?EIO=4&transport=polling&t=OTZVP5p esta siendo visitada por el metodo GET y no existe."}
{"level":"warn","message":"la ruta /socket.io/?EIO=4&transport=polling&t=OTZVQL1 esta siendo visitada por el metodo GET y no existe."}
{"level":"warn","message":"la ruta /socket.io/?EIO=4&transport=polling&t=OTZVRag esta siendo visitada por el metodo GET y no existe."}
{"level":"warn","message":"la ruta /socket.io/?EIO=4&transport=polling&t=OTZVSqK esta siendo visitada por el metodo GET y no existe."}
{"level":"warn","message":"la ruta /socket.io/?EIO=4&transport=polling&t=OTZVU3Y esta siendo visitada por el metodo GET y no existe."}
{"level":"warn","message":"la ruta /socket.io/?EIO=4&transport=polling&t=OTZVVIt esta siendo visitada por el metodo GET y no existe."}
{"level":"warn","message":"la ruta /socket.io/?EIO=4&transport=polling&t=OTZVWZA esta siendo visitada por el metodo GET y no existe."}
{"level":"warn","message":"la ruta /socket.io/?EIO=4&transport=polling&t=OTZVXoN esta siendo visitada por el metodo GET y no existe."}
{"level":"warn","message":"la ruta /socket.io/?EIO=4&transport=polling&t=OTZVZ1s esta siendo visitada por el metodo GET y no existe."}
{"level":"warn","message":"la ruta /socket.io/?EIO=4&transport=polling&t=OTZVaHJ esta siendo visitada por el metodo GET y no existe."}
{"level":"warn","message":"la ruta /socket.io/?EIO=4&transport=polling&t=OTZVbWc esta siendo visitada por el metodo GET y no existe."}
{"level":"warn","message":"la ruta /socket.io/?EIO=4&transport=polling&t=OTZVcmr esta siendo visitada por el metodo GET y no existe."}
{"level":"warn","message":"la ruta /socket.io/?EIO=4&transport=polling&t=OTZVeBG esta siendo visitada por el metodo GET y no existe."}
{"level":"warn","message":"la ruta /socket.io/?EIO=4&transport=polling&t=OTZVfQY esta siendo visitada por el metodo GET y no existe."}
{"level":"warn","message":"la ruta /socket.io/?EIO=4&transport=polling&t=OTZVggx esta siendo visitada por el metodo GET y no existe."}
{"level":"warn","message":"la ruta /socket.io/?EIO=4&transport=polling&t=OTZVhwN esta siendo visitada por el metodo GET y no existe."}
{"level":"warn","message":"la ruta /socket.io/?EIO=4&transport=polling&t=OTZVjAG esta siendo visitada por el metodo GET y no existe."}
{"level":"warn","message":"la ruta /socket.io/?EIO=4&transport=polling&t=OTZVkQM esta siendo visitada por el metodo GET y no existe."}
{"level":"warn","message":"la ruta /socket.io/?EIO=4&transport=polling&t=OTZVlfg esta siendo visitada por el metodo GET y no existe."}
{"level":"warn","message":"la ruta /socket.io/?EIO=4&transport=polling&t=OTZVmvF esta siendo visitada por el metodo GET y no existe."}
{"level":"warn","message":"la ruta /socket.io/?EIO=4&transport=polling&t=OTZVo8V esta siendo visitada por el metodo GET y no existe."}
{"level":"warn","message":"la ruta /socket.io/?EIO=4&transport=polling&t=OTZVpNd esta siendo visitada por el metodo GET y no existe."}
{"level":"warn","message":"la ruta /socket.io/?EIO=4&transport=polling&t=OTZVqcu esta siendo visitada por el metodo GET y no existe."}
{"level":"warn","message":"la ruta /socket.io/?EIO=4&transport=polling&t=OTZVrsC esta siendo visitada por el metodo GET y no existe."}
{"level":"warn","message":"la ruta /socket.io/?EIO=4&transport=polling&t=OTZVt5a esta siendo visitada por el metodo GET y no existe."}
{"level":"warn","message":"la ruta /socket.io/?EIO=4&transport=polling&t=OTZVuK_ esta siendo visitada por el metodo GET y no existe."}
{"level":"warn","message":"la ruta /socket.io/?EIO=4&transport=polling&t=OTZVvaa esta siendo visitada por el metodo GET y no existe."}
{"level":"warn","message":"la ruta /socket.io/?EIO=4&transport=polling&t=OTZVwpn esta siendo visitada por el metodo GET y no existe."}
{"level":"warn","message":"la ruta /socket.io/?EIO=4&transport=polling&t=OTZVy3D esta siendo visitada por el metodo GET y no existe."}
{"level":"warn","message":"la ruta /socket.io/?EIO=4&transport=polling&t=OTZVzIi esta siendo visitada por el metodo GET y no existe."}
{"level":"warn","message":"la ruta /socket.io/?EIO=4&transport=polling&t=OTZV-Zp esta siendo visitada por el metodo GET y no existe."}
{"level":"warn","message":"la ruta /socket.io/?EIO=4&transport=polling&t=OTZV_pB esta siendo visitada por el metodo GET y no existe."}
{"level":"warn","message":"la ruta /socket.io/?EIO=4&transport=polling&t=OTZW12m esta siendo visitada por el metodo GET y no existe."}
{"level":"warn","message":"la ruta /socket.io/?EIO=4&transport=polling&t=OTZW2Sr esta siendo visitada por el metodo GET y no existe."}
{"level":"warn","message":"la ruta /socket.io/?EIO=4&transport=polling&t=OTZW3i5 esta siendo visitada por el metodo GET y no existe."}
{"level":"warn","message":"la ruta /socket.io/?EIO=4&transport=polling&t=OTZW57L esta siendo visitada por el metodo GET y no existe."}
{"level":"warn","message":"la ruta /socket.io/?EIO=4&transport=polling&t=OTZW6dJ esta siendo visitada por el metodo GET y no existe."}
{"level":"warn","message":"la ruta /socket.io/?EIO=4&transport=polling&t=OTZW7sa esta siendo visitada por el metodo GET y no existe."}
{"level":"warn","message":"la ruta /socket.io/?EIO=4&transport=polling&t=OTZW96M esta siendo visitada por el metodo GET y no existe."}
{"level":"warn","message":"la ruta /socket.io/?EIO=4&transport=polling&t=OTZWASo esta siendo visitada por el metodo GET y no existe."}
{"level":"warn","message":"la ruta /socket.io/?EIO=4&transport=polling&t=OTZWBjk esta siendo visitada por el metodo GET y no existe."}
{"level":"warn","message":"la ruta /socket.io/?EIO=4&transport=polling&t=OTZWCyz esta siendo visitada por el metodo GET y no existe."}
{"level":"warn","message":"la ruta /socket.io/?EIO=4&transport=polling&t=OTZWEFG esta siendo visitada por el metodo GET y no existe."}
{"level":"warn","message":"la ruta /socket.io/?EIO=4&transport=polling&t=OTZWFa2 esta siendo visitada por el metodo GET y no existe."}
{"level":"warn","message":"la ruta /socket.io/?EIO=4&transport=polling&t=OTZWGsU esta siendo visitada por el metodo GET y no existe."}
{"level":"warn","message":"la ruta /socket.io/?EIO=4&transport=polling&t=OTZWI7B esta siendo visitada por el metodo GET y no existe."}
{"level":"warn","message":"la ruta /socket.io/?EIO=4&transport=polling&t=OTZWJMO esta siendo visitada por el metodo GET y no existe."}
{"level":"warn","message":"la ruta /socket.io/?EIO=4&transport=polling&t=OTZWKbc esta siendo visitada por el metodo GET y no existe."}
{"level":"warn","message":"la ruta /socket.io/?EIO=4&transport=polling&t=OTZWLqy esta siendo visitada por el metodo GET y no existe."}
{"level":"warn","message":"la ruta /socket.io/?EIO=4&transport=polling&t=OTZWN4Z esta siendo visitada por el metodo GET y no existe."}
{"level":"warn","message":"la ruta /socket.io/?EIO=4&transport=polling&t=OTZWOK3 esta siendo visitada por el metodo GET y no existe."}
{"level":"warn","message":"la ruta /socket.io/?EIO=4&transport=polling&t=OTZWPZp esta siendo visitada por el metodo GET y no existe."}
{"level":"warn","message":"la ruta /socket.io/?EIO=4&transport=polling&t=OTZWQpJ esta siendo visitada por el metodo GET y no existe."}
{"level":"warn","message":"la ruta /socket.io/?EIO=4&transport=polling&t=OTZWS2p esta siendo visitada por el metodo GET y no existe."}
{"level":"warn","message":"la ruta /socket.io/?EIO=4&transport=polling&t=OTZWTII esta siendo visitada por el metodo GET y no existe."}
{"level":"warn","message":"la ruta /socket.io/?EIO=4&transport=polling&t=OTZWUXk esta siendo visitada por el metodo GET y no existe."}
{"level":"warn","message":"la ruta /socket.io/?EIO=4&transport=polling&t=OTZWVnV esta siendo visitada por el metodo GET y no existe."}
{"level":"warn","message":"la ruta /socket.io/?EIO=4&transport=polling&t=OTZWX4I esta siendo visitada por el metodo GET y no existe."}
{"level":"warn","message":"la ruta /socket.io/?EIO=4&transport=polling&t=OTZWYJa esta siendo visitada por el metodo GET y no existe."}
{"level":"warn","message":"la ruta /socket.io/?EIO=4&transport=polling&t=OTZWZcI esta siendo visitada por el metodo GET y no existe."}
{"level":"warn","message":"la ruta /socket.io/?EIO=4&transport=polling&t=OTZWarb esta siendo visitada por el metodo GET y no existe."}
{"level":"warn","message":"la ruta /socket.io/?EIO=4&transport=polling&t=OTZWc8H esta siendo visitada por el metodo GET y no existe."}
{"level":"warn","message":"la ruta /socket.io/?EIO=4&transport=polling&t=OTZWdNr esta siendo visitada por el metodo GET y no existe."}
{"level":"warn","message":"la ruta /socket.io/?EIO=4&transport=polling&t=OTZWedn esta siendo visitada por el metodo GET y no existe."}
{"level":"warn","message":"la ruta /socket.io/?EIO=4&transport=polling&t=OTZWftE esta siendo visitada por el metodo GET y no existe."}
{"level":"warn","message":"la ruta /socket.io/?EIO=4&transport=polling&t=OTZWh6u esta siendo visitada por el metodo GET y no existe."}
{"level":"warn","message":"la ruta /socket.io/?EIO=4&transport=polling&t=OTZWiM8 esta siendo visitada por el metodo GET y no existe."}
{"level":"warn","message":"la ruta /socket.io/?EIO=4&transport=polling&t=OTZWjbS esta siendo visitada por el metodo GET y no existe."}
{"level":"warn","message":"la ruta /socket.io/?EIO=4&transport=polling&t=OTZWkqr esta siendo visitada por el metodo GET y no existe."}
{"level":"warn","message":"la ruta /socket.io/?EIO=4&transport=polling&t=OTZWm40 esta siendo visitada por el metodo GET y no existe."}
{"level":"warn","message":"la ruta /socket.io/?EIO=4&transport=polling&t=OTZWnJO esta siendo visitada por el metodo GET y no existe."}
{"level":"warn","message":"la ruta /socket.io/?EIO=4&transport=polling&t=OTZWoYc esta siendo visitada por el metodo GET y no existe."}
{"level":"warn","message":"la ruta /socket.io/?EIO=4&transport=polling&t=OTZWpo3 esta siendo visitada por el metodo GET y no existe."}
{"level":"warn","message":"la ruta /socket.io/?EIO=4&transport=polling&t=OTZWr1R esta siendo visitada por el metodo GET y no existe."}
{"level":"warn","message":"la ruta /socket.io/?EIO=4&transport=polling&t=OTZWsGk esta siendo visitada por el metodo GET y no existe."}
{"level":"warn","message":"la ruta /socket.io/?EIO=4&transport=polling&t=OTZWtVs esta siendo visitada por el metodo GET y no existe."}
{"level":"warn","message":"la ruta /socket.io/?EIO=4&transport=polling&t=OTZWul3 esta siendo visitada por el metodo GET y no existe."}
{"level":"warn","message":"la ruta /socket.io/?EIO=4&transport=polling&t=OTZWv-h esta siendo visitada por el metodo GET y no existe."}
{"level":"warn","message":"la ruta /socket.io/?EIO=4&transport=polling&t=OTZWxFF esta siendo visitada por el metodo GET y no existe."}
{"level":"warn","message":"la ruta /socket.io/?EIO=4&transport=polling&t=OTZWyUh esta siendo visitada por el metodo GET y no existe."}
{"level":"warn","message":"la ruta /socket.io/?EIO=4&transport=polling&t=OTZWzy6 esta siendo visitada por el metodo GET y no existe."}
{"level":"warn","message":"la ruta /socket.io/?EIO=4&transport=polling&t=OTZW_BY esta siendo visitada por el metodo GET y no existe."}
{"level":"warn","message":"la ruta /socket.io/?EIO=4&transport=polling&t=OTZX0Vb esta siendo visitada por el metodo GET y no existe."}
{"level":"warn","message":"la ruta /socket.io/?EIO=4&transport=polling&t=OTZX1l1 esta siendo visitada por el metodo GET y no existe."}
{"level":"warn","message":"la ruta /socket.io/?EIO=4&transport=polling&t=OTZX2-A esta siendo visitada por el metodo GET y no existe."}
{"level":"warn","message":"la ruta /socket.io/?EIO=4&transport=polling&t=OTZX4Is esta siendo visitada por el metodo GET y no existe."}
{"level":"warn","message":"la ruta /socket.io/?EIO=4&transport=polling&t=OTZX5Zb esta siendo visitada por el metodo GET y no existe."}
{"level":"warn","message":"la ruta /socket.io/?EIO=4&transport=polling&t=OTZX6ut esta siendo visitada por el metodo GET y no existe."}
{"level":"warn","message":"la ruta /socket.io/?EIO=4&transport=polling&t=OTZX89d esta siendo visitada por el metodo GET y no existe."}
{"level":"warn","message":"la ruta /socket.io/?EIO=4&transport=polling&t=OTZX9Ph esta siendo visitada por el metodo GET y no existe."}
{"level":"warn","message":"la ruta /socket.io/?EIO=4&transport=polling&t=OTZXAen esta siendo visitada por el metodo GET y no existe."}
{"level":"warn","message":"la ruta /socket.io/?EIO=4&transport=polling&t=OTZXBzC esta siendo visitada por el metodo GET y no existe."}
{"level":"warn","message":"la ruta /socket.io/?EIO=4&transport=polling&t=OTZXDDX esta siendo visitada por el metodo GET y no existe."}
{"level":"warn","message":"la ruta /socket.io/?EIO=4&transport=polling&t=OTZXESi esta siendo visitada por el metodo GET y no existe."}
{"level":"warn","message":"la ruta /socket.io/?EIO=4&transport=polling&t=OTZXFiJ esta siendo visitada por el metodo GET y no existe."}
{"level":"warn","message":"la ruta /socket.io/?EIO=4&transport=polling&t=OTZXGxe esta siendo visitada por el metodo GET y no existe."}
{"level":"warn","message":"la ruta /socket.io/?EIO=4&transport=polling&t=OTZXIB1 esta siendo visitada por el metodo GET y no existe."}
{"level":"warn","message":"la ruta /socket.io/?EIO=4&transport=polling&t=OTZXJQg esta siendo visitada por el metodo GET y no existe."}
{"level":"warn","message":"la ruta /socket.io/?EIO=4&transport=polling&t=OTZXKft esta siendo visitada por el metodo GET y no existe."}
{"level":"warn","message":"la ruta /socket.io/?EIO=4&transport=polling&t=OTZXLvK esta siendo visitada por el metodo GET y no existe."}
{"level":"warn","message":"la ruta /socket.io/?EIO=4&transport=polling&t=OTZXN8e esta siendo visitada por el metodo GET y no existe."}
{"level":"warn","message":"la ruta /socket.io/?EIO=4&transport=polling&t=OTZXOOR esta siendo visitada por el metodo GET y no existe."}
{"level":"warn","message":"la ruta /socket.io/?EIO=4&transport=polling&t=OTZXPeO esta siendo visitada por el metodo GET y no existe."}
{"level":"warn","message":"la ruta /socket.io/?EIO=4&transport=polling&t=OTZXQtw esta siendo visitada por el metodo GET y no existe."}
{"level":"warn","message":"la ruta /socket.io/?EIO=4&transport=polling&t=OTZXS7H esta siendo visitada por el metodo GET y no existe."}
{"level":"warn","message":"la ruta /socket.io/?EIO=4&transport=polling&t=OTZXTMh esta siendo visitada por el metodo GET y no existe."}
{"level":"warn","message":"la ruta /socket.io/?EIO=4&transport=polling&t=OTZXUc3 esta siendo visitada por el metodo GET y no existe."}
{"level":"warn","message":"la ruta /socket.io/?EIO=4&transport=polling&t=OTZXVrr esta siendo visitada por el metodo GET y no existe."}
{"level":"warn","message":"la ruta /socket.io/?EIO=4&transport=polling&t=OTZXX51 esta siendo visitada por el metodo GET y no existe."}
{"level":"warn","message":"la ruta /socket.io/?EIO=4&transport=polling&t=OTZXYKM esta siendo visitada por el metodo GET y no existe."}
{"level":"warn","message":"la ruta /socket.io/?EIO=4&transport=polling&t=OTZXZaA esta siendo visitada por el metodo GET y no existe."}
{"level":"warn","message":"la ruta /socket.io/?EIO=4&transport=polling&t=OTZXapk esta siendo visitada por el metodo GET y no existe."}
{"level":"warn","message":"la ruta /socket.io/?EIO=4&transport=polling&t=OTZXc33 esta siendo visitada por el metodo GET y no existe."}
{"level":"warn","message":"la ruta /socket.io/?EIO=4&transport=polling&t=OTZXdK0 esta siendo visitada por el metodo GET y no existe."}
{"level":"warn","message":"la ruta /socket.io/?EIO=4&transport=polling&t=OTZXeZX esta siendo visitada por el metodo GET y no existe."}
{"level":"warn","message":"la ruta /socket.io/?EIO=4&transport=polling&t=OTZXfpg esta siendo visitada por el metodo GET y no existe."}
{"level":"warn","message":"la ruta /socket.io/?EIO=4&transport=polling&t=OTZXh3D esta siendo visitada por el metodo GET y no existe."}
{"level":"warn","message":"la ruta /socket.io/?EIO=4&transport=polling&t=OTZXiIe esta siendo visitada por el metodo GET y no existe."}
{"level":"warn","message":"la ruta /socket.io/?EIO=4&transport=polling&t=OTZXjY0 esta siendo visitada por el metodo GET y no existe."}
{"level":"warn","message":"la ruta /socket.io/?EIO=4&transport=polling&t=OTZXknj esta siendo visitada por el metodo GET y no existe."}
{"level":"warn","message":"la ruta /socket.io/?EIO=4&transport=polling&t=OTZXm1A esta siendo visitada por el metodo GET y no existe."}
{"level":"warn","message":"la ruta /socket.io/?EIO=4&transport=polling&t=OTZXnHJ esta siendo visitada por el metodo GET y no existe."}
{"level":"warn","message":"la ruta /socket.io/?EIO=4&transport=polling&t=OTZXobW esta siendo visitada por el metodo GET y no existe."}
{"level":"warn","message":"la ruta /socket.io/?EIO=4&transport=polling&t=OTZXprK esta siendo visitada por el metodo GET y no existe."}
{"level":"warn","message":"la ruta /socket.io/?EIO=4&transport=polling&t=OTZXr6U esta siendo visitada por el metodo GET y no existe."}
{"level":"warn","message":"la ruta /socket.io/?EIO=4&transport=polling&t=OTZXsLu esta siendo visitada por el metodo GET y no existe."}
{"level":"warn","message":"la ruta /socket.io/?EIO=4&transport=polling&t=OTZXtbK esta siendo visitada por el metodo GET y no existe."}
{"level":"warn","message":"la ruta /socket.io/?EIO=4&transport=polling&t=OTZXuqe esta siendo visitada por el metodo GET y no existe."}
{"level":"warn","message":"la ruta /socket.io/?EIO=4&transport=polling&t=OTZXw52 esta siendo visitada por el metodo GET y no existe."}
{"level":"warn","message":"la ruta /socket.io/?EIO=4&transport=polling&t=OTZXxKN esta siendo visitada por el metodo GET y no existe."}
{"level":"warn","message":"la ruta /socket.io/?EIO=4&transport=polling&t=OTZXyZZ esta siendo visitada por el metodo GET y no existe."}
{"level":"warn","message":"la ruta /socket.io/?EIO=4&transport=polling&t=OTZXzpC esta siendo visitada por el metodo GET y no existe."}
{"level":"warn","message":"la ruta /socket.io/?EIO=4&transport=polling&t=OTZX_2e esta siendo visitada por el metodo GET y no existe."}
{"level":"warn","message":"la ruta /socket.io/?EIO=4&transport=polling&t=OTZY0Hx esta siendo visitada por el metodo GET y no existe."}
{"level":"warn","message":"la ruta /socket.io/?EIO=4&transport=polling&t=OTZY1eY esta siendo visitada por el metodo GET y no existe."}
{"level":"warn","message":"la ruta /socket.io/?EIO=4&transport=polling&t=OTZY2vj esta siendo visitada por el metodo GET y no existe."}
{"level":"warn","message":"la ruta /socket.io/?EIO=4&transport=polling&t=OTZY4DE esta siendo visitada por el metodo GET y no existe."}
{"level":"warn","message":"la ruta /socket.io/?EIO=4&transport=polling&t=OTZY5Sh esta siendo visitada por el metodo GET y no existe."}
{"level":"warn","message":"la ruta /socket.io/?EIO=4&transport=polling&t=OTZY6hx esta siendo visitada por el metodo GET y no existe."}
{"level":"warn","message":"la ruta /socket.io/?EIO=4&transport=polling&t=OTZY7xG esta siendo visitada por el metodo GET y no existe."}
{"level":"warn","message":"la ruta /socket.io/?EIO=4&transport=polling&t=OTZY9AZ esta siendo visitada por el metodo GET y no existe."}
{"level":"warn","message":"la ruta /socket.io/?EIO=4&transport=polling&t=OTZYAPv esta siendo visitada por el metodo GET y no existe."}
{"level":"warn","message":"la ruta /socket.io/?EIO=4&transport=polling&t=OTZYBfQ esta siendo visitada por el metodo GET y no existe."}
{"level":"warn","message":"la ruta /socket.io/?EIO=4&transport=polling&t=OTZYCv9 esta siendo visitada por el metodo GET y no existe."}
{"level":"warn","message":"la ruta /socket.io/?EIO=4&transport=polling&t=OTZYE8F esta siendo visitada por el metodo GET y no existe."}
{"level":"warn","message":"la ruta /socket.io/?EIO=4&transport=polling&t=OTZYFNY esta siendo visitada por el metodo GET y no existe."}
{"level":"warn","message":"la ruta /socket.io/?EIO=4&transport=polling&t=OTZYGfa esta siendo visitada por el metodo GET y no existe."}
{"level":"warn","message":"la ruta /socket.io/?EIO=4&transport=polling&t=OTZYHwU esta siendo visitada por el metodo GET y no existe."}
{"level":"warn","message":"la ruta /socket.io/?EIO=4&transport=polling&t=OTZYJ9n esta siendo visitada por el metodo GET y no existe."}
{"level":"warn","message":"la ruta /socket.io/?EIO=4&transport=polling&t=OTZYKP_ esta siendo visitada por el metodo GET y no existe."}
{"level":"warn","message":"la ruta /socket.io/?EIO=4&transport=polling&t=OTZYLfa esta siendo visitada por el metodo GET y no existe."}
{"level":"warn","message":"la ruta /socket.io/?EIO=4&transport=polling&t=OTZYMur esta siendo visitada por el metodo GET y no existe."}
{"level":"warn","message":"la ruta /socket.io/?EIO=4&transport=polling&t=OTZYO8Q esta siendo visitada por el metodo GET y no existe."}
{"level":"warn","message":"la ruta /socket.io/?EIO=4&transport=polling&t=OTZYPNw esta siendo visitada por el metodo GET y no existe."}
{"level":"warn","message":"la ruta /socket.io/?EIO=4&transport=polling&t=OTZYQef esta siendo visitada por el metodo GET y no existe."}
{"level":"warn","message":"la ruta /socket.io/?EIO=4&transport=polling&t=OTZYRu9 esta siendo visitada por el metodo GET y no existe."}
{"level":"warn","message":"la ruta /socket.io/?EIO=4&transport=polling&t=OTZYT7X esta siendo visitada por el metodo GET y no existe."}
{"level":"warn","message":"la ruta /socket.io/?EIO=4&transport=polling&t=OTZYUTD esta siendo visitada por el metodo GET y no existe."}
{"level":"warn","message":"la ruta /socket.io/?EIO=4&transport=polling&t=OTZYVi- esta siendo visitada por el metodo GET y no existe."}
{"level":"warn","message":"la ruta /socket.io/?EIO=4&transport=polling&t=OTZYWya esta siendo visitada por el metodo GET y no existe."}
{"level":"warn","message":"la ruta /socket.io/?EIO=4&transport=polling&t=OTZYYC0 esta siendo visitada por el metodo GET y no existe."}
{"level":"warn","message":"la ruta /socket.io/?EIO=4&transport=polling&t=OTZYZRC esta siendo visitada por el metodo GET y no existe."}
{"level":"warn","message":"la ruta /socket.io/?EIO=4&transport=polling&t=OTZYags esta siendo visitada por el metodo GET y no existe."}
{"level":"warn","message":"la ruta /socket.io/?EIO=4&transport=polling&t=OTZYbwE esta siendo visitada por el metodo GET y no existe."}
{"level":"warn","message":"la ruta /socket.io/?EIO=4&transport=polling&t=OTZYd9e esta siendo visitada por el metodo GET y no existe."}
{"level":"warn","message":"la ruta /socket.io/?EIO=4&transport=polling&t=OTZYeOv esta siendo visitada por el metodo GET y no existe."}
{"level":"warn","message":"la ruta /socket.io/?EIO=4&transport=polling&t=OTZYfe6 esta siendo visitada por el metodo GET y no existe."}
{"level":"warn","message":"la ruta /socket.io/?EIO=4&transport=polling&t=OTZYguL esta siendo visitada por el metodo GET y no existe."}
{"level":"warn","message":"la ruta /socket.io/?EIO=4&transport=polling&t=OTZYiBj esta siendo visitada por el metodo GET y no existe."}
{"level":"warn","message":"la ruta /socket.io/?EIO=4&transport=polling&t=OTZYjRT esta siendo visitada por el metodo GET y no existe."}
{"level":"warn","message":"la ruta /socket.io/?EIO=4&transport=polling&t=OTZYkgc esta siendo visitada por el metodo GET y no existe."}
{"level":"warn","message":"la ruta /socket.io/?EIO=4&transport=polling&t=OTZYlvy esta siendo visitada por el metodo GET y no existe."}
{"level":"warn","message":"la ruta /socket.io/?EIO=4&transport=polling&t=OTZYn9j esta siendo visitada por el metodo GET y no existe."}
{"level":"warn","message":"la ruta /socket.io/?EIO=4&transport=polling&t=OTZYoP3 esta siendo visitada por el metodo GET y no existe."}
{"level":"warn","message":"la ruta /socket.io/?EIO=4&transport=polling&t=OTZYpeP esta siendo visitada por el metodo GET y no existe."}
{"level":"warn","message":"la ruta /socket.io/?EIO=4&transport=polling&t=OTZYq_9 esta siendo visitada por el metodo GET y no existe."}
{"level":"warn","message":"la ruta /socket.io/?EIO=4&transport=polling&t=OTZYsEq esta siendo visitada por el metodo GET y no existe."}
{"level":"warn","message":"la ruta /socket.io/?EIO=4&transport=polling&t=OTZYtYq esta siendo visitada por el metodo GET y no existe."}
{"level":"warn","message":"la ruta /socket.io/?EIO=4&transport=polling&t=OTZYuoG esta siendo visitada por el metodo GET y no existe."}
{"level":"warn","message":"la ruta /socket.io/?EIO=4&transport=polling&t=OTZYw1X esta siendo visitada por el metodo GET y no existe."}
{"level":"warn","message":"la ruta /socket.io/?EIO=4&transport=polling&t=OTZYxNh esta siendo visitada por el metodo GET y no existe."}
{"level":"warn","message":"la ruta /socket.io/?EIO=4&transport=polling&t=OTZYyhw esta siendo visitada por el metodo GET y no existe."}
{"level":"warn","message":"la ruta /socket.io/?EIO=4&transport=polling&t=OTZYzxL esta siendo visitada por el metodo GET y no existe."}
{"level":"warn","message":"la ruta /socket.io/?EIO=4&transport=polling&t=OTZY_Af esta siendo visitada por el metodo GET y no existe."}
{"level":"warn","message":"la ruta /socket.io/?EIO=4&transport=polling&t=OTZZ0Sl esta siendo visitada por el metodo GET y no existe."}
{"level":"warn","message":"la ruta /socket.io/?EIO=4&transport=polling&t=OTZZ1jA esta siendo visitada por el metodo GET y no existe."}
{"level":"warn","message":"la ruta /socket.io/?EIO=4&transport=polling&t=OTZZ2yZ esta siendo visitada por el metodo GET y no existe."}
{"level":"warn","message":"la ruta /socket.io/?EIO=4&transport=polling&t=OTZZ4C0 esta siendo visitada por el metodo GET y no existe."}
{"level":"warn","message":"la ruta /socket.io/?EIO=4&transport=polling&t=OTZZ5RK esta siendo visitada por el metodo GET y no existe."}
{"level":"warn","message":"la ruta /socket.io/?EIO=4&transport=polling&t=OTZZ6gk esta siendo visitada por el metodo GET y no existe."}
{"level":"warn","message":"la ruta /socket.io/?EIO=4&transport=polling&t=OTZZ7wF esta siendo visitada por el metodo GET y no existe."}
{"level":"warn","message":"la ruta /socket.io/?EIO=4&transport=polling&t=OTZZ99Z esta siendo visitada por el metodo GET y no existe."}
{"level":"warn","message":"la ruta /socket.io/?EIO=4&transport=polling&t=OTZZAOy esta siendo visitada por el metodo GET y no existe."}
{"level":"warn","message":"la ruta /socket.io/?EIO=4&transport=polling&t=OTZZBeF esta siendo visitada por el metodo GET y no existe."}
{"level":"warn","message":"la ruta /socket.io/?EIO=4&transport=polling&t=OTZZCtO esta siendo visitada por el metodo GET y no existe."}
{"level":"warn","message":"la ruta /socket.io/?EIO=4&transport=polling&t=OTZZE6x esta siendo visitada por el metodo GET y no existe."}
{"level":"warn","message":"la ruta /socket.io/?EIO=4&transport=polling&t=OTZZFMV esta siendo visitada por el metodo GET y no existe."}
{"level":"warn","message":"la ruta /socket.io/?EIO=4&transport=polling&t=OTZZGbu esta siendo visitada por el metodo GET y no existe."}
{"level":"warn","message":"la ruta /socket.io/?EIO=4&transport=polling&t=OTZZHrR esta siendo visitada por el metodo GET y no existe."}
{"level":"warn","message":"la ruta /socket.io/?EIO=4&transport=polling&t=OTZZJ4n esta siendo visitada por el metodo GET y no existe."}
{"level":"warn","message":"la ruta /socket.io/?EIO=4&transport=polling&t=OTZZKKK esta siendo visitada por el metodo GET y no existe."}
{"level":"warn","message":"la ruta /socket.io/?EIO=4&transport=polling&t=OTZZLc1 esta siendo visitada por el metodo GET y no existe."}
{"level":"warn","message":"la ruta /socket.io/?EIO=4&transport=polling&t=OTZZMrN esta siendo visitada por el metodo GET y no existe."}
{"level":"warn","message":"la ruta /socket.io/?EIO=4&transport=polling&t=OTZZO4l esta siendo visitada por el metodo GET y no existe."}
{"level":"warn","message":"la ruta /socket.io/?EIO=4&transport=polling&t=OTZZPKA esta siendo visitada por el metodo GET y no existe."}
{"level":"warn","message":"la ruta /socket.io/?EIO=4&transport=polling&t=OTZZQZc esta siendo visitada por el metodo GET y no existe."}
{"level":"warn","message":"la ruta /socket.io/?EIO=4&transport=polling&t=OTZZRoo esta siendo visitada por el metodo GET y no existe."}
{"level":"warn","message":"la ruta /socket.io/?EIO=4&transport=polling&t=OTZZT2B esta siendo visitada por el metodo GET y no existe."}
{"level":"warn","message":"la ruta /socket.io/?EIO=4&transport=polling&t=OTZZUHa esta siendo visitada por el metodo GET y no existe."}
{"level":"warn","message":"la ruta /socket.io/?EIO=4&transport=polling&t=OTZZVXC esta siendo visitada por el metodo GET y no existe."}
{"level":"warn","message":"la ruta /socket.io/?EIO=4&transport=polling&t=OTZZWma esta siendo visitada por el metodo GET y no existe."}
{"level":"warn","message":"la ruta /socket.io/?EIO=4&transport=polling&t=OTZZX_y esta siendo visitada por el metodo GET y no existe."}
{"level":"warn","message":"la ruta /socket.io/?EIO=4&transport=polling&t=OTZZd8M esta siendo visitada por el metodo GET y no existe."}
{"level":"warn","message":"la ruta /socket.io/?EIO=4&transport=polling&t=OTZZg5X esta siendo visitada por el metodo GET y no existe."}
{"level":"warn","message":"la ruta /socket.io/?EIO=4&transport=polling&t=OTZZhKy esta siendo visitada por el metodo GET y no existe."}
{"level":"warn","message":"la ruta /socket.io/?EIO=4&transport=polling&t=OTZZiaS esta siendo visitada por el metodo GET y no existe."}
{"level":"warn","message":"la ruta /socket.io/?EIO=4&transport=polling&t=OTZZjpc esta siendo visitada por el metodo GET y no existe."}
{"level":"warn","message":"la ruta /socket.io/?EIO=4&transport=polling&t=OTZZl3u esta siendo visitada por el metodo GET y no existe."}
{"level":"warn","message":"la ruta /socket.io/?EIO=4&transport=polling&t=OTZZmK2 esta siendo visitada por el metodo GET y no existe."}
{"level":"warn","message":"la ruta /socket.io/?EIO=4&transport=polling&t=OTZZnZS esta siendo visitada por el metodo GET y no existe."}
{"level":"warn","message":"la ruta /socket.io/?EIO=4&transport=polling&t=OTZZooh esta siendo visitada por el metodo GET y no existe."}
{"level":"warn","message":"la ruta /socket.io/?EIO=4&transport=polling&t=OTZZq26 esta siendo visitada por el metodo GET y no existe."}
{"level":"warn","message":"la ruta /socket.io/?EIO=4&transport=polling&t=OTZZrHT esta siendo visitada por el metodo GET y no existe."}
{"level":"warn","message":"la ruta /socket.io/?EIO=4&transport=polling&t=OTZZsWv esta siendo visitada por el metodo GET y no existe."}
{"level":"warn","message":"la ruta /socket.io/?EIO=4&transport=polling&t=OTZZtmC esta siendo visitada por el metodo GET y no existe."}
{"level":"warn","message":"la ruta /socket.io/?EIO=4&transport=polling&t=OTZZu_b esta siendo visitada por el metodo GET y no existe."}
{"level":"warn","message":"la ruta /socket.io/?EIO=4&transport=polling&t=OTZZwEk esta siendo visitada por el metodo GET y no existe."}
{"level":"warn","message":"la ruta /socket.io/?EIO=4&transport=polling&t=OTZZxU3 esta siendo visitada por el metodo GET y no existe."}
{"level":"warn","message":"la ruta /socket.io/?EIO=4&transport=polling&t=OTZZyjB esta siendo visitada por el metodo GET y no existe."}
{"level":"warn","message":"la ruta /socket.io/?EIO=4&transport=polling&t=OTZZzyT esta siendo visitada por el metodo GET y no existe."}
{"level":"warn","message":"la ruta /socket.io/?EIO=4&transport=polling&t=OTZZ_Bu esta siendo visitada por el metodo GET y no existe."}
{"level":"warn","message":"la ruta /socket.io/?EIO=4&transport=polling&t=OTZa0RM esta siendo visitada por el metodo GET y no existe."}
{"level":"warn","message":"la ruta /socket.io/?EIO=4&transport=polling&t=OTZa1h3 esta siendo visitada por el metodo GET y no existe."}
{"level":"warn","message":"la ruta /socket.io/?EIO=4&transport=polling&t=OTZa2wQ esta siendo visitada por el metodo GET y no existe."}
{"level":"warn","message":"la ruta /socket.io/?EIO=4&transport=polling&t=OTZa49n esta siendo visitada por el metodo GET y no existe."}
{"level":"warn","message":"la ruta /socket.io/?EIO=4&transport=polling&t=OTZa5Pk esta siendo visitada por el metodo GET y no existe."}
{"level":"warn","message":"la ruta /socket.io/?EIO=4&transport=polling&t=OTZa6fV esta siendo visitada por el metodo GET y no existe."}
{"level":"warn","message":"la ruta /socket.io/?EIO=4&transport=polling&t=OTZa7uo esta siendo visitada por el metodo GET y no existe."}
{"level":"warn","message":"la ruta /socket.io/?EIO=4&transport=polling&t=OTZa988 esta siendo visitada por el metodo GET y no existe."}
{"level":"warn","message":"la ruta /socket.io/?EIO=4&transport=polling&t=OTZaANM esta siendo visitada por el metodo GET y no existe."}
{"level":"warn","message":"la ruta /socket.io/?EIO=4&transport=polling&t=OTZaBdI esta siendo visitada por el metodo GET y no existe."}
{"level":"warn","message":"la ruta /socket.io/?EIO=4&transport=polling&t=OTZaCsm esta siendo visitada por el metodo GET y no existe."}
{"level":"warn","message":"la ruta /socket.io/?EIO=4&transport=polling&t=OTZaE6I esta siendo visitada por el metodo GET y no existe."}
{"level":"warn","message":"la ruta /socket.io/?EIO=4&transport=polling&t=OTZaFLu esta siendo visitada por el metodo GET y no existe."}
{"level":"warn","message":"la ruta /socket.io/?EIO=4&transport=polling&t=OTZaGb9 esta siendo visitada por el metodo GET y no existe."}
{"level":"warn","message":"la ruta /socket.io/?EIO=4&transport=polling&t=OTZaHqT esta siendo visitada por el metodo GET y no existe."}
{"level":"warn","message":"la ruta /socket.io/?EIO=4&transport=polling&t=OTZaJ63 esta siendo visitada por el metodo GET y no existe."}
{"level":"warn","message":"la ruta /socket.io/?EIO=4&transport=polling&t=OTZaKLV esta siendo visitada por el metodo GET y no existe."}
{"level":"warn","message":"la ruta /socket.io/?EIO=4&transport=polling&t=OTZaLbt esta siendo visitada por el metodo GET y no existe."}
{"level":"warn","message":"la ruta /socket.io/?EIO=4&transport=polling&t=OTZaMsQ esta siendo visitada por el metodo GET y no existe."}
{"level":"warn","message":"la ruta /socket.io/?EIO=4&transport=polling&t=OTZaOHL esta siendo visitada por el metodo GET y no existe."}
{"level":"warn","message":"la ruta /socket.io/?EIO=4&transport=polling&t=OTZaPX1 esta siendo visitada por el metodo GET y no existe."}
{"level":"warn","message":"la ruta /socket.io/?EIO=4&transport=polling&t=OTZaQmT esta siendo visitada por el metodo GET y no existe."}
{"level":"warn","message":"la ruta /socket.io/?EIO=4&transport=polling&t=OTZaS2z esta siendo visitada por el metodo GET y no existe."}
{"level":"warn","message":"la ruta /socket.io/?EIO=4&transport=polling&t=OTZaTJF esta siendo visitada por el metodo GET y no existe."}
{"level":"warn","message":"la ruta /socket.io/?EIO=4&transport=polling&t=OTZaUYm esta siendo visitada por el metodo GET y no existe."}
{"level":"warn","message":"la ruta /socket.io/?EIO=4&transport=polling&t=OTZaVoL esta siendo visitada por el metodo GET y no existe."}
{"level":"warn","message":"la ruta /socket.io/?EIO=4&transport=polling&t=OTZaX1n esta siendo visitada por el metodo GET y no existe."}
{"level":"warn","message":"la ruta /socket.io/?EIO=4&transport=polling&t=OTZaYIL esta siendo visitada por el metodo GET y no existe."}
{"level":"warn","message":"la ruta /socket.io/?EIO=4&transport=polling&t=OTZaZZ5 esta siendo visitada por el metodo GET y no existe."}
{"level":"warn","message":"la ruta /socket.io/?EIO=4&transport=polling&t=OTZaaoU esta siendo visitada por el metodo GET y no existe."}
{"level":"warn","message":"la ruta /socket.io/?EIO=4&transport=polling&t=OTZac1u esta siendo visitada por el metodo GET y no existe."}
{"level":"warn","message":"la ruta /socket.io/?EIO=4&transport=polling&t=OTZadH1 esta siendo visitada por el metodo GET y no existe."}
{"level":"warn","message":"la ruta /socket.io/?EIO=4&transport=polling&t=OTZaeWJ esta siendo visitada por el metodo GET y no existe."}
{"level":"warn","message":"la ruta /socket.io/?EIO=4&transport=polling&t=OTZaflz esta siendo visitada por el metodo GET y no existe."}
{"level":"warn","message":"la ruta /socket.io/?EIO=4&transport=polling&t=OTZag_D esta siendo visitada por el metodo GET y no existe."}
{"level":"warn","message":"la ruta /socket.io/?EIO=4&transport=polling&t=OTZaiEc esta siendo visitada por el metodo GET y no existe."}
{"level":"warn","message":"la ruta /socket.io/?EIO=4&transport=polling&t=OTZajU7 esta siendo visitada por el metodo GET y no existe."}
{"level":"warn","message":"la ruta /socket.io/?EIO=4&transport=polling&t=OTZakja esta siendo visitada por el metodo GET y no existe."}
{"level":"warn","message":"la ruta /socket.io/?EIO=4&transport=polling&t=OTZalz1 esta siendo visitada por el metodo GET y no existe."}
{"level":"warn","message":"la ruta /socket.io/?EIO=4&transport=polling&t=OTZanCP esta siendo visitada por el metodo GET y no existe."}
{"level":"warn","message":"la ruta /socket.io/?EIO=4&transport=polling&t=OTZaoRo esta siendo visitada por el metodo GET y no existe."}
{"level":"warn","message":"la ruta /socket.io/?EIO=4&transport=polling&t=OTZaph3 esta siendo visitada por el metodo GET y no existe."}
{"level":"warn","message":"la ruta /socket.io/?EIO=4&transport=polling&t=OTZaqwQ esta siendo visitada por el metodo GET y no existe."}
{"level":"warn","message":"la ruta /socket.io/?EIO=4&transport=polling&t=OTZas9r esta siendo visitada por el metodo GET y no existe."}
{"level":"warn","message":"la ruta /socket.io/?EIO=4&transport=polling&t=OTZatP4 esta siendo visitada por el metodo GET y no existe."}
{"level":"warn","message":"la ruta /socket.io/?EIO=4&transport=polling&t=OTZauek esta siendo visitada por el metodo GET y no existe."}
{"level":"warn","message":"la ruta /socket.io/?EIO=4&transport=polling&t=OTZavuF esta siendo visitada por el metodo GET y no existe."}
{"level":"warn","message":"la ruta /socket.io/?EIO=4&transport=polling&t=OTZax7n esta siendo visitada por el metodo GET y no existe."}
{"level":"warn","message":"la ruta /socket.io/?EIO=4&transport=polling&t=OTZayNt esta siendo visitada por el metodo GET y no existe."}
{"level":"warn","message":"la ruta /socket.io/?EIO=4&transport=polling&t=OTZa-Ap esta siendo visitada por el metodo GET y no existe."}
{"level":"warn","message":"la ruta /socket.io/?EIO=4&transport=polling&t=OTZb0HF esta siendo visitada por el metodo GET y no existe."}
{"level":"warn","message":"la ruta /socket.io/?EIO=4&transport=polling&t=OTZb1_q esta siendo visitada por el metodo GET y no existe."}
{"level":"warn","message":"la ruta /socket.io/?EIO=4&transport=polling&t=OTZb3G4 esta siendo visitada por el metodo GET y no existe."}
{"level":"warn","message":"la ruta /socket.io/?EIO=4&transport=polling&t=OTZb4VW esta siendo visitada por el metodo GET y no existe."}
{"level":"warn","message":"la ruta /socket.io/?EIO=4&transport=polling&t=OTZb5kv esta siendo visitada por el metodo GET y no existe."}
{"level":"warn","message":"la ruta /socket.io/?EIO=4&transport=polling&t=OTZbC41 esta siendo visitada por el metodo GET y no existe."}
{"level":"warn","message":"la ruta /socket.io/?EIO=4&transport=polling&t=OTZbE9B esta siendo visitada por el metodo GET y no existe."}
{"level":"warn","message":"la ruta /socket.io/?EIO=4&transport=polling&t=OTZbFOR esta siendo visitada por el metodo GET y no existe."}
{"level":"warn","message":"la ruta /socket.io/?EIO=4&transport=polling&t=OTZbGdi esta siendo visitada por el metodo GET y no existe."}
{"level":"warn","message":"la ruta /socket.io/?EIO=4&transport=polling&t=OTZbHt6 esta siendo visitada por el metodo GET y no existe."}
{"level":"warn","message":"la ruta /socket.io/?EIO=4&transport=polling&t=OTZbJ6V esta siendo visitada por el metodo GET y no existe."}
{"level":"warn","message":"la ruta /socket.io/?EIO=4&transport=polling&t=OTZbKM2 esta siendo visitada por el metodo GET y no existe."}
{"level":"warn","message":"la ruta /socket.io/?EIO=4&transport=polling&t=OTZbLcO esta siendo visitada por el metodo GET y no existe."}
{"level":"warn","message":"la ruta /socket.io/?EIO=4&transport=polling&t=OTZbMra esta siendo visitada por el metodo GET y no existe."}
{"level":"warn","message":"la ruta /socket.io/?EIO=4&transport=polling&t=OTZbO4p esta siendo visitada por el metodo GET y no existe."}
{"level":"warn","message":"la ruta /socket.io/?EIO=4&transport=polling&t=OTZbPK0 esta siendo visitada por el metodo GET y no existe."}
{"level":"warn","message":"la ruta /socket.io/?EIO=4&transport=polling&t=OTZbQZG esta siendo visitada por el metodo GET y no existe."}
{"level":"warn","message":"la ruta /socket.io/?EIO=4&transport=polling&t=OTZbRp0 esta siendo visitada por el metodo GET y no existe."}
{"level":"warn","message":"la ruta /socket.io/?EIO=4&transport=polling&t=OTZbT2V esta siendo visitada por el metodo GET y no existe."}
{"level":"warn","message":"la ruta /socket.io/?EIO=4&transport=polling&t=OTZbUHi esta siendo visitada por el metodo GET y no existe."}
{"level":"warn","message":"la ruta /socket.io/?EIO=4&transport=polling&t=OTZbVXA esta siendo visitada por el metodo GET y no existe."}
{"level":"warn","message":"la ruta /socket.io/?EIO=4&transport=polling&t=OTZbWmR esta siendo visitada por el metodo GET y no existe."}
{"level":"warn","message":"la ruta /socket.io/?EIO=4&transport=polling&t=OTZbX_q esta siendo visitada por el metodo GET y no existe."}
{"level":"warn","message":"la ruta /socket.io/?EIO=4&transport=polling&t=OTZbZFF esta siendo visitada por el metodo GET y no existe."}
{"level":"warn","message":"la ruta /socket.io/?EIO=4&transport=polling&t=OTZbaVP esta siendo visitada por el metodo GET y no existe."}
{"level":"warn","message":"la ruta /socket.io/?EIO=4&transport=polling&t=OTZbbmt esta siendo visitada por el metodo GET y no existe."}
{"level":"warn","message":"la ruta /socket.io/?EIO=4&transport=polling&t=OTZbd0C esta siendo visitada por el metodo GET y no existe."}
{"level":"warn","message":"la ruta /socket.io/?EIO=4&transport=polling&t=OTZbeFc esta siendo visitada por el metodo GET y no existe."}
{"level":"warn","message":"la ruta /socket.io/?EIO=4&transport=polling&t=OTZbfUr esta siendo visitada por el metodo GET y no existe."}
{"level":"warn","message":"la ruta /socket.io/?EIO=4&transport=polling&t=OTZbgko esta siendo visitada por el metodo GET y no existe."}
{"level":"warn","message":"la ruta /socket.io/?EIO=4&transport=polling&t=OTZbh-E esta siendo visitada por el metodo GET y no existe."}
{"level":"warn","message":"la ruta /socket.io/?EIO=4&transport=polling&t=OTZbjDW esta siendo visitada por el metodo GET y no existe."}
{"level":"warn","message":"la ruta /socket.io/?EIO=4&transport=polling&t=OTZbkSf esta siendo visitada por el metodo GET y no existe."}
{"level":"warn","message":"la ruta /socket.io/?EIO=4&transport=polling&t=OTZbli3 esta siendo visitada por el metodo GET y no existe."}
{"level":"warn","message":"la ruta /socket.io/?EIO=4&transport=polling&t=OTZbmxW esta siendo visitada por el metodo GET y no existe."}
{"level":"warn","message":"la ruta /socket.io/?EIO=4&transport=polling&t=OTZboB9 esta siendo visitada por el metodo GET y no existe."}
{"level":"warn","message":"la ruta /socket.io/?EIO=4&transport=polling&t=OTZbpUG esta siendo visitada por el metodo GET y no existe."}
{"level":"warn","message":"la ruta /socket.io/?EIO=4&transport=polling&t=OTZbqjg esta siendo visitada por el metodo GET y no existe."}
{"level":"warn","message":"la ruta /socket.io/?EIO=4&transport=polling&t=OTZbrz3 esta siendo visitada por el metodo GET y no existe."}
{"level":"warn","message":"la ruta /socket.io/?EIO=4&transport=polling&t=OTZbtCa esta siendo visitada por el metodo GET y no existe."}
{"level":"warn","message":"la ruta /socket.io/?EIO=4&transport=polling&t=OTZbuRo esta siendo visitada por el metodo GET y no existe."}
{"level":"warn","message":"la ruta /socket.io/?EIO=4&transport=polling&t=OTZbvhu esta siendo visitada por el metodo GET y no existe."}
{"level":"warn","message":"la ruta /socket.io/?EIO=4&transport=polling&t=OTZbwxI esta siendo visitada por el metodo GET y no existe."}
{"level":"warn","message":"la ruta /socket.io/?EIO=4&transport=polling&t=OTZbyEP esta siendo visitada por el metodo GET y no existe."}
{"level":"warn","message":"la ruta /socket.io/?EIO=4&transport=polling&t=OTZbzTg esta siendo visitada por el metodo GET y no existe."}
{"level":"warn","message":"la ruta /socket.io/?EIO=4&transport=polling&t=OTZb-j3 esta siendo visitada por el metodo GET y no existe."}
{"level":"warn","message":"la ruta /socket.io/?EIO=4&transport=polling&t=OTZb_yi esta siendo visitada por el metodo GET y no existe."}
{"level":"warn","message":"la ruta /socket.io/?EIO=4&transport=polling&t=OTZc1C1 esta siendo visitada por el metodo GET y no existe."}
{"level":"warn","message":"la ruta /socket.io/?EIO=4&transport=polling&t=OTZc2Rd esta siendo visitada por el metodo GET y no existe."}
{"level":"warn","message":"la ruta /socket.io/?EIO=4&transport=polling&t=OTZc3gv esta siendo visitada por el metodo GET y no existe."}
{"level":"warn","message":"la ruta /socket.io/?EIO=4&transport=polling&t=OTZc4wk esta siendo visitada por el metodo GET y no existe."}
{"level":"warn","message":"la ruta /socket.io/?EIO=4&transport=polling&t=OTZc6AY esta siendo visitada por el metodo GET y no existe."}
{"level":"warn","message":"la ruta /socket.io/?EIO=4&transport=polling&t=OTZc7Q2 esta siendo visitada por el metodo GET y no existe."}
{"level":"warn","message":"la ruta /socket.io/?EIO=4&transport=polling&t=OTZc8gi esta siendo visitada por el metodo GET y no existe."}
{"level":"warn","message":"la ruta /socket.io/?EIO=4&transport=polling&t=OTZc9wB esta siendo visitada por el metodo GET y no existe."}
{"level":"warn","message":"la ruta /socket.io/?EIO=4&transport=polling&t=OTZcB9f esta siendo visitada por el metodo GET y no existe."}
{"level":"warn","message":"la ruta /socket.io/?EIO=4&transport=polling&t=OTZcCOy esta siendo visitada por el metodo GET y no existe."}
{"level":"warn","message":"la ruta /socket.io/?EIO=4&transport=polling&t=OTZcDhl esta siendo visitada por el metodo GET y no existe."}
{"level":"warn","message":"la ruta /socket.io/?EIO=4&transport=polling&t=OTZcE-o esta siendo visitada por el metodo GET y no existe."}
{"level":"warn","message":"la ruta /socket.io/?EIO=4&transport=polling&t=OTZcGEO esta siendo visitada por el metodo GET y no existe."}
{"level":"warn","message":"la ruta /socket.io/?EIO=4&transport=polling&t=OTZcHUE esta siendo visitada por el metodo GET y no existe."}
{"level":"warn","message":"la ruta /socket.io/?EIO=4&transport=polling&t=OTZcIjc esta siendo visitada por el metodo GET y no existe."}
{"level":"warn","message":"la ruta /socket.io/?EIO=4&transport=polling&t=OTZcJyw esta siendo visitada por el metodo GET y no existe."}
{"level":"warn","message":"la ruta /socket.io/?EIO=4&transport=polling&t=OTZcLCQ esta siendo visitada por el metodo GET y no existe."}
{"level":"warn","message":"la ruta /socket.io/?EIO=4&transport=polling&t=OTZcMRo esta siendo visitada por el metodo GET y no existe."}
{"level":"warn","message":"la ruta /socket.io/?EIO=4&transport=polling&t=OTZcNhN esta siendo visitada por el metodo GET y no existe."}
{"level":"warn","message":"la ruta /socket.io/?EIO=4&transport=polling&t=OTZcOxc esta siendo visitada por el metodo GET y no existe."}
{"level":"warn","message":"la ruta /socket.io/?EIO=4&transport=polling&t=OTZcQBJ esta siendo visitada por el metodo GET y no existe."}
{"level":"warn","message":"la ruta /socket.io/?EIO=4&transport=polling&t=OTZcRQu esta siendo visitada por el metodo GET y no existe."}
{"level":"warn","message":"la ruta /socket.io/?EIO=4&transport=polling&t=OTZcSgW esta siendo visitada por el metodo GET y no existe."}
{"level":"warn","message":"la ruta /socket.io/?EIO=4&transport=polling&t=OTZcTwG esta siendo visitada por el metodo GET y no existe."}
{"level":"warn","message":"la ruta /socket.io/?EIO=4&transport=polling&t=OTZcV9m esta siendo visitada por el metodo GET y no existe."}
{"level":"warn","message":"la ruta /socket.io/?EIO=4&transport=polling&t=OTZcWPI esta siendo visitada por el metodo GET y no existe."}
{"level":"warn","message":"la ruta /socket.io/?EIO=4&transport=polling&t=OTZcXek esta siendo visitada por el metodo GET y no existe."}
{"level":"warn","message":"la ruta /socket.io/?EIO=4&transport=polling&t=OTZcYu4 esta siendo visitada por el metodo GET y no existe."}
{"level":"warn","message":"la ruta /socket.io/?EIO=4&transport=polling&t=OTZca7f esta siendo visitada por el metodo GET y no existe."}
{"level":"warn","message":"la ruta /socket.io/?EIO=4&transport=polling&t=OTZcbN7 esta siendo visitada por el metodo GET y no existe."}
{"level":"warn","message":"la ruta /socket.io/?EIO=4&transport=polling&t=OTZcccT esta siendo visitada por el metodo GET y no existe."}
{"level":"warn","message":"la ruta /socket.io/?EIO=4&transport=polling&t=OTZcdrr esta siendo visitada por el metodo GET y no existe."}
{"level":"warn","message":"la ruta /socket.io/?EIO=4&transport=polling&t=OTZcf57 esta siendo visitada por el metodo GET y no existe."}
{"level":"warn","message":"la ruta /socket.io/?EIO=4&transport=polling&t=OTZcgKa esta siendo visitada por el metodo GET y no existe."}
{"level":"warn","message":"la ruta /socket.io/?EIO=4&transport=polling&t=OTZchaQ esta siendo visitada por el metodo GET y no existe."}
{"level":"warn","message":"la ruta /socket.io/?EIO=4&transport=polling&t=OTZcipu esta siendo visitada por el metodo GET y no existe."}
{"level":"warn","message":"la ruta /socket.io/?EIO=4&transport=polling&t=OTZck3E esta siendo visitada por el metodo GET y no existe."}
{"level":"warn","message":"la ruta /socket.io/?EIO=4&transport=polling&t=OTZclIe esta siendo visitada por el metodo GET y no existe."}
{"level":"warn","message":"la ruta /socket.io/?EIO=4&transport=polling&t=OTZcmYA esta siendo visitada por el metodo GET y no existe."}
{"level":"warn","message":"la ruta /socket.io/?EIO=4&transport=polling&t=OTZcnne esta siendo visitada por el metodo GET y no existe."}
{"level":"warn","message":"la ruta /socket.io/?EIO=4&transport=polling&t=OTZcp0z esta siendo visitada por el metodo GET y no existe."}
{"level":"warn","message":"la ruta /socket.io/?EIO=4&transport=polling&t=OTZcqGt esta siendo visitada por el metodo GET y no existe."}
{"level":"warn","message":"la ruta /socket.io/?EIO=4&transport=polling&t=OTZcrWC esta siendo visitada por el metodo GET y no existe."}
{"level":"warn","message":"la ruta /socket.io/?EIO=4&transport=polling&t=OTZcslS esta siendo visitada por el metodo GET y no existe."}
{"level":"warn","message":"la ruta /socket.io/?EIO=4&transport=polling&t=OTZcu00 esta siendo visitada por el metodo GET y no existe."}
{"level":"warn","message":"la ruta /socket.io/?EIO=4&transport=polling&t=OTZcvFX esta siendo visitada por el metodo GET y no existe."}
{"level":"warn","message":"la ruta /socket.io/?EIO=4&transport=polling&t=OTZcwUu esta siendo visitada por el metodo GET y no existe."}
{"level":"warn","message":"la ruta /socket.io/?EIO=4&transport=polling&t=OTZcxkH esta siendo visitada por el metodo GET y no existe."}
{"level":"warn","message":"la ruta /socket.io/?EIO=4&transport=polling&t=OTZcyzY esta siendo visitada por el metodo GET y no existe."}
{"level":"warn","message":"la ruta /socket.io/?EIO=4&transport=polling&t=OTZc-DT esta siendo visitada por el metodo GET y no existe."}
{"level":"warn","message":"la ruta /socket.io/?EIO=4&transport=polling&t=OTZc_TJ esta siendo visitada por el metodo GET y no existe."}
{"level":"warn","message":"la ruta /socket.io/?EIO=4&transport=polling&t=OTZd0ia esta siendo visitada por el metodo GET y no existe."}
{"level":"warn","message":"la ruta /socket.io/?EIO=4&transport=polling&t=OTZd1yS esta siendo visitada por el metodo GET y no existe."}
{"level":"warn","message":"la ruta /socket.io/?EIO=4&transport=polling&t=OTZd3Ht esta siendo visitada por el metodo GET y no existe."}
{"level":"warn","message":"la ruta /socket.io/?EIO=4&transport=polling&t=OTZd4XM esta siendo visitada por el metodo GET y no existe."}
{"level":"warn","message":"la ruta /socket.io/?EIO=4&transport=polling&t=OTZd5pv esta siendo visitada por el metodo GET y no existe."}
{"level":"warn","message":"la ruta /socket.io/?EIO=4&transport=polling&t=OTZd73M esta siendo visitada por el metodo GET y no existe."}
{"level":"warn","message":"la ruta /socket.io/?EIO=4&transport=polling&t=OTZd8Jt esta siendo visitada por el metodo GET y no existe."}
{"level":"warn","message":"la ruta /socket.io/?EIO=4&transport=polling&t=OTZd9ZK esta siendo visitada por el metodo GET y no existe."}
{"level":"warn","message":"la ruta /socket.io/?EIO=4&transport=polling&t=OTZdAp0 esta siendo visitada por el metodo GET y no existe."}
{"level":"warn","message":"la ruta /socket.io/?EIO=4&transport=polling&t=OTZdC3H esta siendo visitada por el metodo GET y no existe."}
{"level":"warn","message":"la ruta /socket.io/?EIO=4&transport=polling&t=OTZdDIS esta siendo visitada por el metodo GET y no existe."}
{"level":"warn","message":"la ruta /socket.io/?EIO=4&transport=polling&t=OTZdEXv esta siendo visitada por el metodo GET y no existe."}
{"level":"warn","message":"la ruta /socket.io/?EIO=4&transport=polling&t=OTZdFn4 esta siendo visitada por el metodo GET y no existe."}
{"level":"warn","message":"la ruta /socket.io/?EIO=4&transport=polling&t=OTZdH0X esta siendo visitada por el metodo GET y no existe."}
{"level":"warn","message":"la ruta /socket.io/?EIO=4&transport=polling&t=OTZdIFc esta siendo visitada por el metodo GET y no existe."}
{"level":"warn","message":"la ruta /socket.io/?EIO=4&transport=polling&t=OTZdJUn esta siendo visitada por el metodo GET y no existe."}
{"level":"warn","message":"la ruta /socket.io/?EIO=4&transport=polling&t=OTZdKkF esta siendo visitada por el metodo GET y no existe."}
{"level":"warn","message":"la ruta /socket.io/?EIO=4&transport=polling&t=OTZdLzg esta siendo visitada por el metodo GET y no existe."}
{"level":"warn","message":"la ruta /socket.io/?EIO=4&transport=polling&t=OTZdNC_ esta siendo visitada por el metodo GET y no existe."}
{"level":"warn","message":"la ruta /socket.io/?EIO=4&transport=polling&t=OTZdOSj esta siendo visitada por el metodo GET y no existe."}
{"level":"warn","message":"la ruta /socket.io/?EIO=4&transport=polling&t=OTZdPi8 esta siendo visitada por el metodo GET y no existe."}
{"level":"warn","message":"la ruta /socket.io/?EIO=4&transport=polling&t=OTZdQxn esta siendo visitada por el metodo GET y no existe."}
{"level":"warn","message":"la ruta /socket.io/?EIO=4&transport=polling&t=OTZdSBB esta siendo visitada por el metodo GET y no existe."}
{"level":"warn","message":"la ruta /socket.io/?EIO=4&transport=polling&t=OTZdTQZ esta siendo visitada por el metodo GET y no existe."}
{"level":"warn","message":"la ruta /socket.io/?EIO=4&transport=polling&t=OTZdUfy esta siendo visitada por el metodo GET y no existe."}
{"level":"warn","message":"la ruta /socket.io/?EIO=4&transport=polling&t=OTZdVvy esta siendo visitada por el metodo GET y no existe."}
{"level":"warn","message":"la ruta /socket.io/?EIO=4&transport=polling&t=OTZdX9z esta siendo visitada por el metodo GET y no existe."}
{"level":"warn","message":"la ruta /socket.io/socket.io.js esta siendo visitada por el metodo GET y no existe."}
{"level":"warn","message":"la ruta /favicon.ico esta siendo visitada por el metodo GET y no existe."}
{"level":"warn","message":"la ruta /socket.io/socket.io.js esta siendo visitada por el metodo GET y no existe."}
{"level":"warn","message":"la ruta /socket.io/socket.io.js esta siendo visitada por el metodo GET y no existe."}
{"level":"warn","message":"la ruta /socket.io/socket.io.js esta siendo visitada por el metodo GET y no existe."}
{"level":"warn","message":"la ruta /socket.io/socket.io.js esta siendo visitada por el metodo GET y no existe."}
{"level":"warn","message":"la ruta /socket.io/socket.io.js esta siendo visitada por el metodo GET y no existe."}
{"level":"warn","message":"la ruta /favicon.ico esta siendo visitada por el metodo GET y no existe."}
{"level":"warn","message":"la ruta /favicon.ico esta siendo visitada por el metodo GET y no existe."}
{"level":"warn","message":"la ruta /favicon.ico esta siendo visitada por el metodo GET y no existe."}
{"level":"warn","message":"la ruta /favicon.ico esta siendo visitada por el metodo GET y no existe."}
{"level":"warn","message":"la ruta /favicon.ico esta siendo visitada por el metodo GET y no existe."}
{"level":"warn","message":"la ruta /favicon.ico esta siendo visitada por el metodo GET y no existe."}
{"level":"warn","message":"la ruta /favicon.ico esta siendo visitada por el metodo GET y no existe."}
{"level":"warn","message":"la ruta /favicon.ico esta siendo visitada por el metodo GET y no existe."}
